The target system is: Darwin -  - armv7
The host system is: Darwin - 15.6.0 - x86_64
Compiling the C compiler identification source file "CMakeCCompilerId.c" succeeded.
Compiler: /Applications/Xcode.app/Contents/Developer/Toolchains/XcodeDefault.xctoolchain/usr/bin/clang 
Build flags: ;-miphoneos-version-min=8.0;-DTARGET_OS_IPHONE=1;-D__IOS;-fms-extensions;-mcpu=cortex-a8;-fembed-bitcode;-w
Id flags: -c

The output was:
0


Compilation of the C compiler identification source "CMakeCCompilerId.c" produced "CMakeCCompilerId.o"

The C compiler identification is AppleClang, found in "/Users/eicaptain/Desktop/linphone-iphone/WORK/ios-armv7/Build/speex/CMakeFiles/3.4.3/CompilerIdC/CMakeCCompilerId.o"

Determining if the C compiler works passed with the following output:
Change Dir: /Users/eicaptain/Desktop/linphone-iphone/WORK/ios-armv7/Build/speex/CMakeFiles/CMakeTmp

Run Build Command:"/usr/bin/make" "cmTC_b74f8/fast"
/Applications/Xcode.app/Contents/Developer/usr/bin/make -f CMakeFiles/cmTC_b74f8.dir/build.make CMakeFiles/cmTC_b74f8.dir/build
Building C object CMakeFiles/cmTC_b74f8.dir/testCCompiler.c.o
/Applications/Xcode.app/Contents/Developer/Toolchains/XcodeDefault.xctoolchain/usr/bin/clang  --target=armv7-apple-darwin   -miphoneos-version-min=8.0 -DTARGET_OS_IPHONE=1 -D__IOS -fms-extensions -mcpu=cortex-a8 -fembed-bitcode -w  -arch armv7 -isysroot /Applications/Xcode.app/Contents/Developer/Platforms/iPhoneOS.platform/Developer/SDKs/iPhoneOS10.1.sdk   -o CMakeFiles/cmTC_b74f8.dir/testCCompiler.c.o   -c /Users/eicaptain/Desktop/linphone-iphone/WORK/ios-armv7/Build/speex/CMakeFiles/CMakeTmp/testCCompiler.c
Linking C executable cmTC_b74f8
/usr/local/Cellar/cmake/3.4.3/bin/cmake -E cmake_link_script CMakeFiles/cmTC_b74f8.dir/link.txt --verbose=1
/Applications/Xcode.app/Contents/Developer/Toolchains/XcodeDefault.xctoolchain/usr/bin/clang  --target=armv7-apple-darwin  -miphoneos-version-min=8.0 -DTARGET_OS_IPHONE=1 -D__IOS -fms-extensions -mcpu=cortex-a8 -fembed-bitcode -w  -arch armv7 -isysroot /Applications/Xcode.app/Contents/Developer/Platforms/iPhoneOS.platform/Developer/SDKs/iPhoneOS10.1.sdk -Wl,-headerpad_max_install_names   CMakeFiles/cmTC_b74f8.dir/testCCompiler.c.o  -o cmTC_b74f8  


Detecting C compiler ABI info compiled with the following output:
Change Dir: /Users/eicaptain/Desktop/linphone-iphone/WORK/ios-armv7/Build/speex/CMakeFiles/CMakeTmp

Run Build Command:"/usr/bin/make" "cmTC_fad48/fast"
/Applications/Xcode.app/Contents/Developer/usr/bin/make -f CMakeFiles/cmTC_fad48.dir/build.make CMakeFiles/cmTC_fad48.dir/build
Building C object CMakeFiles/cmTC_fad48.dir/CMakeCCompilerABI.c.o
/Applications/Xcode.app/Contents/Developer/Toolchains/XcodeDefault.xctoolchain/usr/bin/clang  --target=armv7-apple-darwin   -miphoneos-version-min=8.0 -DTARGET_OS_IPHONE=1 -D__IOS -fms-extensions -mcpu=cortex-a8 -fembed-bitcode -w  -arch armv7 -isysroot /Applications/Xcode.app/Contents/Developer/Platforms/iPhoneOS.platform/Developer/SDKs/iPhoneOS10.1.sdk   -o CMakeFiles/cmTC_fad48.dir/CMakeCCompilerABI.c.o   -c /usr/local/Cellar/cmake/3.4.3/share/cmake/Modules/CMakeCCompilerABI.c
Linking C executable cmTC_fad48
/usr/local/Cellar/cmake/3.4.3/bin/cmake -E cmake_link_script CMakeFiles/cmTC_fad48.dir/link.txt --verbose=1
/Applications/Xcode.app/Contents/Developer/Toolchains/XcodeDefault.xctoolchain/usr/bin/clang  --target=armv7-apple-darwin  -miphoneos-version-min=8.0 -DTARGET_OS_IPHONE=1 -D__IOS -fms-extensions -mcpu=cortex-a8 -fembed-bitcode -w  -arch armv7 -isysroot /Applications/Xcode.app/Contents/Developer/Platforms/iPhoneOS.platform/Developer/SDKs/iPhoneOS10.1.sdk -Wl,-headerpad_max_install_names  -v -Wl,-v CMakeFiles/cmTC_fad48.dir/CMakeCCompilerABI.c.o  -o cmTC_fad48   
Apple LLVM version 8.0.0 (clang-800.0.42.1)
Target: arm-apple-darwin
Thread model: posix
InstalledDir: /Applications/Xcode.app/Contents/Developer/Toolchains/XcodeDefault.xctoolchain/usr/bin
 "/Applications/Xcode.app/Contents/Developer/Toolchains/XcodeDefault.xctoolchain/usr/bin/ld" -demangle -dynamic -arch armv7 -iphoneos_version_min 8.0.0 -bitcode_bundle -syslibroot /Applications/Xcode.app/Contents/Developer/Platforms/iPhoneOS.platform/Developer/SDKs/iPhoneOS10.1.sdk -w -o cmTC_fad48 -headerpad_max_install_names -v CMakeFiles/cmTC_fad48.dir/CMakeCCompilerABI.c.o -lSystem /Applications/Xcode.app/Contents/Developer/Toolchains/XcodeDefault.xctoolchain/usr/bin/../lib/clang/8.0.0/lib/darwin/libclang_rt.ios.a
@(#)PROGRAM:ld  PROJECT:ld64-274.1
configured to support archs: armv6 armv7 armv7s arm64 i386 x86_64 x86_64h armv6m armv7k armv7m armv7em (tvOS)
Library search paths:
	/Applications/Xcode.app/Contents/Developer/Platforms/iPhoneOS.platform/Developer/SDKs/iPhoneOS10.1.sdk/usr/lib
Framework search paths:
	/Applications/Xcode.app/Contents/Developer/Platforms/iPhoneOS.platform/Developer/SDKs/iPhoneOS10.1.sdk/System/Library/Frameworks/


Parsed C implicit link information from above output:
  link line regex: [^( *|.*[/\])(ld|([^/\]+-)?ld|collect2)[^/\]*( |$)]
  ignore line: [Change Dir: /Users/eicaptain/Desktop/linphone-iphone/WORK/ios-armv7/Build/speex/CMakeFiles/CMakeTmp]
  ignore line: []
  ignore line: [Run Build Command:"/usr/bin/make" "cmTC_fad48/fast"]
  ignore line: [/Applications/Xcode.app/Contents/Developer/usr/bin/make -f CMakeFiles/cmTC_fad48.dir/build.make CMakeFiles/cmTC_fad48.dir/build]
  ignore line: [Building C object CMakeFiles/cmTC_fad48.dir/CMakeCCompilerABI.c.o]
  ignore line: [/Applications/Xcode.app/Contents/Developer/Toolchains/XcodeDefault.xctoolchain/usr/bin/clang  --target=armv7-apple-darwin   -miphoneos-version-min=8.0 -DTARGET_OS_IPHONE=1 -D__IOS -fms-extensions -mcpu=cortex-a8 -fembed-bitcode -w  -arch armv7 -isysroot /Applications/Xcode.app/Contents/Developer/Platforms/iPhoneOS.platform/Developer/SDKs/iPhoneOS10.1.sdk   -o CMakeFiles/cmTC_fad48.dir/CMakeCCompilerABI.c.o   -c /usr/local/Cellar/cmake/3.4.3/share/cmake/Modules/CMakeCCompilerABI.c]
  ignore line: [Linking C executable cmTC_fad48]
  ignore line: [/usr/local/Cellar/cmake/3.4.3/bin/cmake -E cmake_link_script CMakeFiles/cmTC_fad48.dir/link.txt --verbose=1]
  ignore line: [/Applications/Xcode.app/Contents/Developer/Toolchains/XcodeDefault.xctoolchain/usr/bin/clang  --target=armv7-apple-darwin  -miphoneos-version-min=8.0 -DTARGET_OS_IPHONE=1 -D__IOS -fms-extensions -mcpu=cortex-a8 -fembed-bitcode -w  -arch armv7 -isysroot /Applications/Xcode.app/Contents/Developer/Platforms/iPhoneOS.platform/Developer/SDKs/iPhoneOS10.1.sdk -Wl,-headerpad_max_install_names  -v -Wl,-v CMakeFiles/cmTC_fad48.dir/CMakeCCompilerABI.c.o  -o cmTC_fad48   ]
  ignore line: [Apple LLVM version 8.0.0 (clang-800.0.42.1)]
  ignore line: [Target: arm-apple-darwin]
  ignore line: [Thread model: posix]
  ignore line: [InstalledDir: /Applications/Xcode.app/Contents/Developer/Toolchains/XcodeDefault.xctoolchain/usr/bin]
  link line: [ "/Applications/Xcode.app/Contents/Developer/Toolchains/XcodeDefault.xctoolchain/usr/bin/ld" -demangle -dynamic -arch armv7 -iphoneos_version_min 8.0.0 -bitcode_bundle -syslibroot /Applications/Xcode.app/Contents/Developer/Platforms/iPhoneOS.platform/Developer/SDKs/iPhoneOS10.1.sdk -w -o cmTC_fad48 -headerpad_max_install_names -v CMakeFiles/cmTC_fad48.dir/CMakeCCompilerABI.c.o -lSystem /Applications/Xcode.app/Contents/Developer/Toolchains/XcodeDefault.xctoolchain/usr/bin/../lib/clang/8.0.0/lib/darwin/libclang_rt.ios.a]
    arg [/Applications/Xcode.app/Contents/Developer/Toolchains/XcodeDefault.xctoolchain/usr/bin/ld] ==> ignore
    arg [-demangle] ==> ignore
    arg [-dynamic] ==> ignore
    arg [-arch] ==> ignore
    arg [armv7] ==> ignore
    arg [-iphoneos_version_min] ==> ignore
    arg [8.0.0] ==> ignore
    arg [-bitcode_bundle] ==> ignore
    arg [-syslibroot] ==> ignore
    arg [/Applications/Xcode.app/Contents/Developer/Platforms/iPhoneOS.platform/Developer/SDKs/iPhoneOS10.1.sdk] ==> ignore
    arg [-w] ==> ignore
    arg [-o] ==> ignore
    arg [cmTC_fad48] ==> ignore
    arg [-headerpad_max_install_names] ==> ignore
    arg [-v] ==> ignore
    arg [CMakeFiles/cmTC_fad48.dir/CMakeCCompilerABI.c.o] ==> ignore
    arg [-lSystem] ==> lib [System]
    arg [/Applications/Xcode.app/Contents/Developer/Toolchains/XcodeDefault.xctoolchain/usr/bin/../lib/clang/8.0.0/lib/darwin/libclang_rt.ios.a] ==> lib [/Applications/Xcode.app/Contents/Developer/Toolchains/XcodeDefault.xctoolchain/usr/bin/../lib/clang/8.0.0/lib/darwin/libclang_rt.ios.a]
  Library search paths: [;/Applications/Xcode.app/Contents/Developer/Platforms/iPhoneOS.platform/Developer/SDKs/iPhoneOS10.1.sdk/usr/lib]
  Framework search paths: [;/Applications/Xcode.app/Contents/Developer/Platforms/iPhoneOS.platform/Developer/SDKs/iPhoneOS10.1.sdk/System/Library/Frameworks/]
  remove lib [System]
  collapse lib [/Applications/Xcode.app/Contents/Developer/Toolchains/XcodeDefault.xctoolchain/usr/bin/../lib/clang/8.0.0/lib/darwin/libclang_rt.ios.a] ==> [/Applications/Xcode.app/Contents/Developer/Toolchains/XcodeDefault.xctoolchain/usr/lib/clang/8.0.0/lib/darwin/libclang_rt.ios.a]
  collapse library dir [/Applications/Xcode.app/Contents/Developer/Platforms/iPhoneOS.platform/Developer/SDKs/iPhoneOS10.1.sdk/usr/lib] ==> [/Applications/Xcode.app/Contents/Developer/Platforms/iPhoneOS.platform/Developer/SDKs/iPhoneOS10.1.sdk/usr/lib]
  collapse framework dir [/Applications/Xcode.app/Contents/Developer/Platforms/iPhoneOS.platform/Developer/SDKs/iPhoneOS10.1.sdk/System/Library/Frameworks/] ==> [/Applications/Xcode.app/Contents/Developer/Platforms/iPhoneOS.platform/Developer/SDKs/iPhoneOS10.1.sdk/System/Library/Frameworks]
  implicit libs: [/Applications/Xcode.app/Contents/Developer/Toolchains/XcodeDefault.xctoolchain/usr/lib/clang/8.0.0/lib/darwin/libclang_rt.ios.a]
  implicit dirs: [/Applications/Xcode.app/Contents/Developer/Platforms/iPhoneOS.platform/Developer/SDKs/iPhoneOS10.1.sdk/usr/lib]
  implicit fwks: [/Applications/Xcode.app/Contents/Developer/Platforms/iPhoneOS.platform/Developer/SDKs/iPhoneOS10.1.sdk/System/Library/Frameworks]




Detecting C [-std=c11] compiler features compiled with the following output:
Change Dir: /Users/eicaptain/Desktop/linphone-iphone/WORK/ios-armv7/Build/speex/CMakeFiles/CMakeTmp

Run Build Command:"/usr/bin/make" "cmTC_294a6/fast"
/Applications/Xcode.app/Contents/Developer/usr/bin/make -f CMakeFiles/cmTC_294a6.dir/build.make CMakeFiles/cmTC_294a6.dir/build
Building C object CMakeFiles/cmTC_294a6.dir/feature_tests.c.o
/Applications/Xcode.app/Contents/Developer/Toolchains/XcodeDefault.xctoolchain/usr/bin/clang  --target=armv7-apple-darwin   -miphoneos-version-min=8.0 -DTARGET_OS_IPHONE=1 -D__IOS -fms-extensions -mcpu=cortex-a8 -fembed-bitcode -w  -arch armv7 -isysroot /Applications/Xcode.app/Contents/Developer/Platforms/iPhoneOS.platform/Developer/SDKs/iPhoneOS10.1.sdk   -std=c11 -o CMakeFiles/cmTC_294a6.dir/feature_tests.c.o   -c /Users/eicaptain/Desktop/linphone-iphone/WORK/ios-armv7/Build/speex/CMakeFiles/feature_tests.c
Linking C executable cmTC_294a6
/usr/local/Cellar/cmake/3.4.3/bin/cmake -E cmake_link_script CMakeFiles/cmTC_294a6.dir/link.txt --verbose=1
/Applications/Xcode.app/Contents/Developer/Toolchains/XcodeDefault.xctoolchain/usr/bin/clang  --target=armv7-apple-darwin  -miphoneos-version-min=8.0 -DTARGET_OS_IPHONE=1 -D__IOS -fms-extensions -mcpu=cortex-a8 -fembed-bitcode -w  -arch armv7 -isysroot /Applications/Xcode.app/Contents/Developer/Platforms/iPhoneOS.platform/Developer/SDKs/iPhoneOS10.1.sdk -Wl,-headerpad_max_install_names   CMakeFiles/cmTC_294a6.dir/feature_tests.c.o  -o cmTC_294a6  


    Feature record: C_FEATURE:1c_function_prototypes
    Feature record: C_FEATURE:1c_restrict
    Feature record: C_FEATURE:1c_static_assert
    Feature record: C_FEATURE:1c_variadic_macros


Detecting C [-std=c99] compiler features compiled with the following output:
Change Dir: /Users/eicaptain/Desktop/linphone-iphone/WORK/ios-armv7/Build/speex/CMakeFiles/CMakeTmp

Run Build Command:"/usr/bin/make" "cmTC_ff9c0/fast"
/Applications/Xcode.app/Contents/Developer/usr/bin/make -f CMakeFiles/cmTC_ff9c0.dir/build.make CMakeFiles/cmTC_ff9c0.dir/build
Building C object CMakeFiles/cmTC_ff9c0.dir/feature_tests.c.o
/Applications/Xcode.app/Contents/Developer/Toolchains/XcodeDefault.xctoolchain/usr/bin/clang  --target=armv7-apple-darwin   -miphoneos-version-min=8.0 -DTARGET_OS_IPHONE=1 -D__IOS -fms-extensions -mcpu=cortex-a8 -fembed-bitcode -w  -arch armv7 -isysroot /Applications/Xcode.app/Contents/Developer/Platforms/iPhoneOS.platform/Developer/SDKs/iPhoneOS10.1.sdk   -std=c99 -o CMakeFiles/cmTC_ff9c0.dir/feature_tests.c.o   -c /Users/eicaptain/Desktop/linphone-iphone/WORK/ios-armv7/Build/speex/CMakeFiles/feature_tests.c
Linking C executable cmTC_ff9c0
/usr/local/Cellar/cmake/3.4.3/bin/cmake -E cmake_link_script CMakeFiles/cmTC_ff9c0.dir/link.txt --verbose=1
/Applications/Xcode.app/Contents/Developer/Toolchains/XcodeDefault.xctoolchain/usr/bin/clang  --target=armv7-apple-darwin  -miphoneos-version-min=8.0 -DTARGET_OS_IPHONE=1 -D__IOS -fms-extensions -mcpu=cortex-a8 -fembed-bitcode -w  -arch armv7 -isysroot /Applications/Xcode.app/Contents/Developer/Platforms/iPhoneOS.platform/Developer/SDKs/iPhoneOS10.1.sdk -Wl,-headerpad_max_install_names   CMakeFiles/cmTC_ff9c0.dir/feature_tests.c.o  -o cmTC_ff9c0  


    Feature record: C_FEATURE:1c_function_prototypes
    Feature record: C_FEATURE:1c_restrict
    Feature record: C_FEATURE:0c_static_assert
    Feature record: C_FEATURE:1c_variadic_macros


Detecting C [-std=c90] compiler features compiled with the following output:
Change Dir: /Users/eicaptain/Desktop/linphone-iphone/WORK/ios-armv7/Build/speex/CMakeFiles/CMakeTmp

Run Build Command:"/usr/bin/make" "cmTC_6089c/fast"
/Applications/Xcode.app/Contents/Developer/usr/bin/make -f CMakeFiles/cmTC_6089c.dir/build.make CMakeFiles/cmTC_6089c.dir/build
Building C object CMakeFiles/cmTC_6089c.dir/feature_tests.c.o
/Applications/Xcode.app/Contents/Developer/Toolchains/XcodeDefault.xctoolchain/usr/bin/clang  --target=armv7-apple-darwin   -miphoneos-version-min=8.0 -DTARGET_OS_IPHONE=1 -D__IOS -fms-extensions -mcpu=cortex-a8 -fembed-bitcode -w  -arch armv7 -isysroot /Applications/Xcode.app/Contents/Developer/Platforms/iPhoneOS.platform/Developer/SDKs/iPhoneOS10.1.sdk   -std=c90 -o CMakeFiles/cmTC_6089c.dir/feature_tests.c.o   -c /Users/eicaptain/Desktop/linphone-iphone/WORK/ios-armv7/Build/speex/CMakeFiles/feature_tests.c
Linking C executable cmTC_6089c
/usr/local/Cellar/cmake/3.4.3/bin/cmake -E cmake_link_script CMakeFiles/cmTC_6089c.dir/link.txt --verbose=1
/Applications/Xcode.app/Contents/Developer/Toolchains/XcodeDefault.xctoolchain/usr/bin/clang  --target=armv7-apple-darwin  -miphoneos-version-min=8.0 -DTARGET_OS_IPHONE=1 -D__IOS -fms-extensions -mcpu=cortex-a8 -fembed-bitcode -w  -arch armv7 -isysroot /Applications/Xcode.app/Contents/Developer/Platforms/iPhoneOS.platform/Developer/SDKs/iPhoneOS10.1.sdk -Wl,-headerpad_max_install_names   CMakeFiles/cmTC_6089c.dir/feature_tests.c.o  -o cmTC_6089c  


    Feature record: C_FEATURE:1c_function_prototypes
    Feature record: C_FEATURE:0c_restrict
    Feature record: C_FEATURE:0c_static_assert
    Feature record: C_FEATURE:0c_variadic_macros
Determining if the include file alloca.h exists passed with the following output:
Change Dir: /Users/eicaptain/Desktop/linphone-iphone/WORK/ios-armv7/Build/speex/CMakeFiles/CMakeTmp

Run Build Command:"/usr/bin/make" "cmTC_c48fe/fast"
/Applications/Xcode.app/Contents/Developer/usr/bin/make -f CMakeFiles/cmTC_c48fe.dir/build.make CMakeFiles/cmTC_c48fe.dir/build
Building C object CMakeFiles/cmTC_c48fe.dir/CheckIncludeFile.c.o
/Applications/Xcode.app/Contents/Developer/Toolchains/XcodeDefault.xctoolchain/usr/bin/clang  --target=armv7-apple-darwin   -miphoneos-version-min=8.0 -DTARGET_OS_IPHONE=1 -D__IOS -fms-extensions -mcpu=cortex-a8 -fembed-bitcode -w  -arch armv7 -isysroot /Applications/Xcode.app/Contents/Developer/Platforms/iPhoneOS.platform/Developer/SDKs/iPhoneOS10.1.sdk   -o CMakeFiles/cmTC_c48fe.dir/CheckIncludeFile.c.o   -c /Users/eicaptain/Desktop/linphone-iphone/WORK/ios-armv7/Build/speex/CMakeFiles/CMakeTmp/CheckIncludeFile.c
Linking C executable cmTC_c48fe
/usr/local/Cellar/cmake/3.4.3/bin/cmake -E cmake_link_script CMakeFiles/cmTC_c48fe.dir/link.txt --verbose=1
/Applications/Xcode.app/Contents/Developer/Toolchains/XcodeDefault.xctoolchain/usr/bin/clang  --target=armv7-apple-darwin  -miphoneos-version-min=8.0 -DTARGET_OS_IPHONE=1 -D__IOS -fms-extensions -mcpu=cortex-a8 -fembed-bitcode -w  -arch armv7 -isysroot /Applications/Xcode.app/Contents/Developer/Platforms/iPhoneOS.platform/Developer/SDKs/iPhoneOS10.1.sdk -Wl,-headerpad_max_install_names   CMakeFiles/cmTC_c48fe.dir/CheckIncludeFile.c.o  -o cmTC_c48fe  


Determining if the include file getopt.h exists passed with the following output:
Change Dir: /Users/eicaptain/Desktop/linphone-iphone/WORK/ios-armv7/Build/speex/CMakeFiles/CMakeTmp

Run Build Command:"/usr/bin/make" "cmTC_d0b82/fast"
/Applications/Xcode.app/Contents/Developer/usr/bin/make -f CMakeFiles/cmTC_d0b82.dir/build.make CMakeFiles/cmTC_d0b82.dir/build
Building C object CMakeFiles/cmTC_d0b82.dir/CheckIncludeFile.c.o
/Applications/Xcode.app/Contents/Developer/Toolchains/XcodeDefault.xctoolchain/usr/bin/clang  --target=armv7-apple-darwin   -miphoneos-version-min=8.0 -DTARGET_OS_IPHONE=1 -D__IOS -fms-extensions -mcpu=cortex-a8 -fembed-bitcode -w  -arch armv7 -isysroot /Applications/Xcode.app/Contents/Developer/Platforms/iPhoneOS.platform/Developer/SDKs/iPhoneOS10.1.sdk   -o CMakeFiles/cmTC_d0b82.dir/CheckIncludeFile.c.o   -c /Users/eicaptain/Desktop/linphone-iphone/WORK/ios-armv7/Build/speex/CMakeFiles/CMakeTmp/CheckIncludeFile.c
Linking C executable cmTC_d0b82
/usr/local/Cellar/cmake/3.4.3/bin/cmake -E cmake_link_script CMakeFiles/cmTC_d0b82.dir/link.txt --verbose=1
/Applications/Xcode.app/Contents/Developer/Toolchains/XcodeDefault.xctoolchain/usr/bin/clang  --target=armv7-apple-darwin  -miphoneos-version-min=8.0 -DTARGET_OS_IPHONE=1 -D__IOS -fms-extensions -mcpu=cortex-a8 -fembed-bitcode -w  -arch armv7 -isysroot /Applications/Xcode.app/Contents/Developer/Platforms/iPhoneOS.platform/Developer/SDKs/iPhoneOS10.1.sdk -Wl,-headerpad_max_install_names   CMakeFiles/cmTC_d0b82.dir/CheckIncludeFile.c.o  -o cmTC_d0b82  


Determining if the include file string.h exists passed with the following output:
Change Dir: /Users/eicaptain/Desktop/linphone-iphone/WORK/ios-armv7/Build/speex/CMakeFiles/CMakeTmp

Run Build Command:"/usr/bin/make" "cmTC_094bc/fast"
/Applications/Xcode.app/Contents/Developer/usr/bin/make -f CMakeFiles/cmTC_094bc.dir/build.make CMakeFiles/cmTC_094bc.dir/build
Building C object CMakeFiles/cmTC_094bc.dir/CheckIncludeFile.c.o
/Applications/Xcode.app/Contents/Developer/Toolchains/XcodeDefault.xctoolchain/usr/bin/clang  --target=armv7-apple-darwin   -miphoneos-version-min=8.0 -DTARGET_OS_IPHONE=1 -D__IOS -fms-extensions -mcpu=cortex-a8 -fembed-bitcode -w  -arch armv7 -isysroot /Applications/Xcode.app/Contents/Developer/Platforms/iPhoneOS.platform/Developer/SDKs/iPhoneOS10.1.sdk   -o CMakeFiles/cmTC_094bc.dir/CheckIncludeFile.c.o   -c /Users/eicaptain/Desktop/linphone-iphone/WORK/ios-armv7/Build/speex/CMakeFiles/CMakeTmp/CheckIncludeFile.c
Linking C executable cmTC_094bc
/usr/local/Cellar/cmake/3.4.3/bin/cmake -E cmake_link_script CMakeFiles/cmTC_094bc.dir/link.txt --verbose=1
/Applications/Xcode.app/Contents/Developer/Toolchains/XcodeDefault.xctoolchain/usr/bin/clang  --target=armv7-apple-darwin  -miphoneos-version-min=8.0 -DTARGET_OS_IPHONE=1 -D__IOS -fms-extensions -mcpu=cortex-a8 -fembed-bitcode -w  -arch armv7 -isysroot /Applications/Xcode.app/Contents/Developer/Platforms/iPhoneOS.platform/Developer/SDKs/iPhoneOS10.1.sdk -Wl,-headerpad_max_install_names   CMakeFiles/cmTC_094bc.dir/CheckIncludeFile.c.o  -o cmTC_094bc  


Determining if the function getopt_long exists passed with the following output:
Change Dir: /Users/eicaptain/Desktop/linphone-iphone/WORK/ios-armv7/Build/speex/CMakeFiles/CMakeTmp

Run Build Command:"/usr/bin/make" "cmTC_8ec0d/fast"
/Applications/Xcode.app/Contents/Developer/usr/bin/make -f CMakeFiles/cmTC_8ec0d.dir/build.make CMakeFiles/cmTC_8ec0d.dir/build
Building C object CMakeFiles/cmTC_8ec0d.dir/CheckFunctionExists.c.o
/Applications/Xcode.app/Contents/Developer/Toolchains/XcodeDefault.xctoolchain/usr/bin/clang  --target=armv7-apple-darwin   -miphoneos-version-min=8.0 -DTARGET_OS_IPHONE=1 -D__IOS -fms-extensions -mcpu=cortex-a8 -fembed-bitcode -w -DCHECK_FUNCTION_EXISTS=getopt_long -arch armv7 -isysroot /Applications/Xcode.app/Contents/Developer/Platforms/iPhoneOS.platform/Developer/SDKs/iPhoneOS10.1.sdk   -o CMakeFiles/cmTC_8ec0d.dir/CheckFunctionExists.c.o   -c /usr/local/Cellar/cmake/3.4.3/share/cmake/Modules/CheckFunctionExists.c
Linking C executable cmTC_8ec0d
/usr/local/Cellar/cmake/3.4.3/bin/cmake -E cmake_link_script CMakeFiles/cmTC_8ec0d.dir/link.txt --verbose=1
/Applications/Xcode.app/Contents/Developer/Toolchains/XcodeDefault.xctoolchain/usr/bin/clang  --target=armv7-apple-darwin  -miphoneos-version-min=8.0 -DTARGET_OS_IPHONE=1 -D__IOS -fms-extensions -mcpu=cortex-a8 -fembed-bitcode -w -DCHECK_FUNCTION_EXISTS=getopt_long -arch armv7 -isysroot /Applications/Xcode.app/Contents/Developer/Platforms/iPhoneOS.platform/Developer/SDKs/iPhoneOS10.1.sdk -Wl,-headerpad_max_install_names   CMakeFiles/cmTC_8ec0d.dir/CheckFunctionExists.c.o  -o cmTC_8ec0d  


Performing C SOURCE FILE Test VAR_ARRAYS succeded with the following output:
Change Dir: /Users/eicaptain/Desktop/linphone-iphone/WORK/ios-armv7/Build/speex/CMakeFiles/CMakeTmp

Run Build Command:"/usr/bin/make" "cmTC_54ee3/fast"
/Applications/Xcode.app/Contents/Developer/usr/bin/make -f CMakeFiles/cmTC_54ee3.dir/build.make CMakeFiles/cmTC_54ee3.dir/build
Building C object CMakeFiles/cmTC_54ee3.dir/src.c.o
/Applications/Xcode.app/Contents/Developer/Toolchains/XcodeDefault.xctoolchain/usr/bin/clang  --target=armv7-apple-darwin   -miphoneos-version-min=8.0 -DTARGET_OS_IPHONE=1 -D__IOS -fms-extensions -mcpu=cortex-a8 -fembed-bitcode -w -DVAR_ARRAYS -arch armv7 -isysroot /Applications/Xcode.app/Contents/Developer/Platforms/iPhoneOS.platform/Developer/SDKs/iPhoneOS10.1.sdk   -o CMakeFiles/cmTC_54ee3.dir/src.c.o   -c /Users/eicaptain/Desktop/linphone-iphone/WORK/ios-armv7/Build/speex/CMakeFiles/CMakeTmp/src.c
Linking C executable cmTC_54ee3
/usr/local/Cellar/cmake/3.4.3/bin/cmake -E cmake_link_script CMakeFiles/cmTC_54ee3.dir/link.txt --verbose=1
/Applications/Xcode.app/Contents/Developer/Toolchains/XcodeDefault.xctoolchain/usr/bin/clang  --target=armv7-apple-darwin  -miphoneos-version-min=8.0 -DTARGET_OS_IPHONE=1 -D__IOS -fms-extensions -mcpu=cortex-a8 -fembed-bitcode -w -DVAR_ARRAYS -arch armv7 -isysroot /Applications/Xcode.app/Contents/Developer/Platforms/iPhoneOS.platform/Developer/SDKs/iPhoneOS10.1.sdk -Wl,-headerpad_max_install_names   CMakeFiles/cmTC_54ee3.dir/src.c.o  -o cmTC_54ee3  

Source file was:
int main(int argc, char *argv[]) {
int foo;
foo = 10;
int array[foo];
}
Performing C SOURCE FILE Test HAS_ALLOCA succeded with the following output:
Change Dir: /Users/eicaptain/Desktop/linphone-iphone/WORK/ios-armv7/Build/speex/CMakeFiles/CMakeTmp

Run Build Command:"/usr/bin/make" "cmTC_ec757/fast"
/Applications/Xcode.app/Contents/Developer/usr/bin/make -f CMakeFiles/cmTC_ec757.dir/build.make CMakeFiles/cmTC_ec757.dir/build
Building C object CMakeFiles/cmTC_ec757.dir/src.c.o
/Applications/Xcode.app/Contents/Developer/Toolchains/XcodeDefault.xctoolchain/usr/bin/clang  --target=armv7-apple-darwin   -miphoneos-version-min=8.0 -DTARGET_OS_IPHONE=1 -D__IOS -fms-extensions -mcpu=cortex-a8 -fembed-bitcode -w -DHAS_ALLOCA -arch armv7 -isysroot /Applications/Xcode.app/Contents/Developer/Platforms/iPhoneOS.platform/Developer/SDKs/iPhoneOS10.1.sdk   -o CMakeFiles/cmTC_ec757.dir/src.c.o   -c /Users/eicaptain/Desktop/linphone-iphone/WORK/ios-armv7/Build/speex/CMakeFiles/CMakeTmp/src.c
Linking C executable cmTC_ec757
/usr/local/Cellar/cmake/3.4.3/bin/cmake -E cmake_link_script CMakeFiles/cmTC_ec757.dir/link.txt --verbose=1
/Applications/Xcode.app/Contents/Developer/Toolchains/XcodeDefault.xctoolchain/usr/bin/clang  --target=armv7-apple-darwin  -miphoneos-version-min=8.0 -DTARGET_OS_IPHONE=1 -D__IOS -fms-extensions -mcpu=cortex-a8 -fembed-bitcode -w -DHAS_ALLOCA -arch armv7 -isysroot /Applications/Xcode.app/Contents/Developer/Platforms/iPhoneOS.platform/Developer/SDKs/iPhoneOS10.1.sdk -Wl,-headerpad_max_install_names   CMakeFiles/cmTC_ec757.dir/src.c.o  -o cmTC_ec757  

Source file was:
#include <alloca.h>
#include <stdlib.h>
int main(int argc, char *argv[]) {
int foo=10;
int *array = alloca(foo);
}
Performing C SOURCE FILE Test HAS_VISIBILITY succeded with the following output:
Change Dir: /Users/eicaptain/Desktop/linphone-iphone/WORK/ios-armv7/Build/speex/CMakeFiles/CMakeTmp

Run Build Command:"/usr/bin/make" "cmTC_51602/fast"
/Applications/Xcode.app/Contents/Developer/usr/bin/make -f CMakeFiles/cmTC_51602.dir/build.make CMakeFiles/cmTC_51602.dir/build
Building C object CMakeFiles/cmTC_51602.dir/src.c.o
/Applications/Xcode.app/Contents/Developer/Toolchains/XcodeDefault.xctoolchain/usr/bin/clang  --target=armv7-apple-darwin   -miphoneos-version-min=8.0 -DTARGET_OS_IPHONE=1 -D__IOS -fms-extensions -mcpu=cortex-a8 -fembed-bitcode -w -fvisibility=hidden -DHAS_VISIBILITY -arch armv7 -isysroot /Applications/Xcode.app/Contents/Developer/Platforms/iPhoneOS.platform/Developer/SDKs/iPhoneOS10.1.sdk   -o CMakeFiles/cmTC_51602.dir/src.c.o   -c /Users/eicaptain/Desktop/linphone-iphone/WORK/ios-armv7/Build/speex/CMakeFiles/CMakeTmp/src.c
Linking C executable cmTC_51602
/usr/local/Cellar/cmake/3.4.3/bin/cmake -E cmake_link_script CMakeFiles/cmTC_51602.dir/link.txt --verbose=1
/Applications/Xcode.app/Contents/Developer/Toolchains/XcodeDefault.xctoolchain/usr/bin/clang  --target=armv7-apple-darwin  -miphoneos-version-min=8.0 -DTARGET_OS_IPHONE=1 -D__IOS -fms-extensions -mcpu=cortex-a8 -fembed-bitcode -w -fvisibility=hidden -DHAS_VISIBILITY -arch armv7 -isysroot /Applications/Xcode.app/Contents/Developer/Platforms/iPhoneOS.platform/Developer/SDKs/iPhoneOS10.1.sdk -Wl,-headerpad_max_install_names   CMakeFiles/cmTC_51602.dir/src.c.o  -o cmTC_51602  

Source file was:
#pragma GCC visibility push(hidden)
__attribute__((visibility("default")))
int var=10;
int main(int argc, char *argv[]) {}
Determining if the include file sys/types.h exists passed with the following output:
Change Dir: /Users/eicaptain/Desktop/linphone-iphone/WORK/ios-armv7/Build/speex/CMakeFiles/CMakeTmp

Run Build Command:"/usr/bin/make" "cmTC_0a6d7/fast"
/Applications/Xcode.app/Contents/Developer/usr/bin/make -f CMakeFiles/cmTC_0a6d7.dir/build.make CMakeFiles/cmTC_0a6d7.dir/build
Building C object CMakeFiles/cmTC_0a6d7.dir/CheckIncludeFile.c.o
/Applications/Xcode.app/Contents/Developer/Toolchains/XcodeDefault.xctoolchain/usr/bin/clang  --target=armv7-apple-darwin   -miphoneos-version-min=8.0 -DTARGET_OS_IPHONE=1 -D__IOS -fms-extensions -mcpu=cortex-a8 -fembed-bitcode -w  -arch armv7 -isysroot /Applications/Xcode.app/Contents/Developer/Platforms/iPhoneOS.platform/Developer/SDKs/iPhoneOS10.1.sdk   -o CMakeFiles/cmTC_0a6d7.dir/CheckIncludeFile.c.o   -c /Users/eicaptain/Desktop/linphone-iphone/WORK/ios-armv7/Build/speex/CMakeFiles/CMakeTmp/CheckIncludeFile.c
Linking C executable cmTC_0a6d7
/usr/local/Cellar/cmake/3.4.3/bin/cmake -E cmake_link_script CMakeFiles/cmTC_0a6d7.dir/link.txt --verbose=1
/Applications/Xcode.app/Contents/Developer/Toolchains/XcodeDefault.xctoolchain/usr/bin/clang  --target=armv7-apple-darwin  -miphoneos-version-min=8.0 -DTARGET_OS_IPHONE=1 -D__IOS -fms-extensions -mcpu=cortex-a8 -fembed-bitcode -w  -arch armv7 -isysroot /Applications/Xcode.app/Contents/Developer/Platforms/iPhoneOS.platform/Developer/SDKs/iPhoneOS10.1.sdk -Wl,-headerpad_max_install_names   CMakeFiles/cmTC_0a6d7.dir/CheckIncludeFile.c.o  -o cmTC_0a6d7  


Determining if the include file stdint.h exists passed with the following output:
Change Dir: /Users/eicaptain/Desktop/linphone-iphone/WORK/ios-armv7/Build/speex/CMakeFiles/CMakeTmp

Run Build Command:"/usr/bin/make" "cmTC_566bd/fast"
/Applications/Xcode.app/Contents/Developer/usr/bin/make -f CMakeFiles/cmTC_566bd.dir/build.make CMakeFiles/cmTC_566bd.dir/build
Building C object CMakeFiles/cmTC_566bd.dir/CheckIncludeFile.c.o
/Applications/Xcode.app/Contents/Developer/Toolchains/XcodeDefault.xctoolchain/usr/bin/clang  --target=armv7-apple-darwin   -miphoneos-version-min=8.0 -DTARGET_OS_IPHONE=1 -D__IOS -fms-extensions -mcpu=cortex-a8 -fembed-bitcode -w  -arch armv7 -isysroot /Applications/Xcode.app/Contents/Developer/Platforms/iPhoneOS.platform/Developer/SDKs/iPhoneOS10.1.sdk   -o CMakeFiles/cmTC_566bd.dir/CheckIncludeFile.c.o   -c /Users/eicaptain/Desktop/linphone-iphone/WORK/ios-armv7/Build/speex/CMakeFiles/CMakeTmp/CheckIncludeFile.c
Linking C executable cmTC_566bd
/usr/local/Cellar/cmake/3.4.3/bin/cmake -E cmake_link_script CMakeFiles/cmTC_566bd.dir/link.txt --verbose=1
/Applications/Xcode.app/Contents/Developer/Toolchains/XcodeDefault.xctoolchain/usr/bin/clang  --target=armv7-apple-darwin  -miphoneos-version-min=8.0 -DTARGET_OS_IPHONE=1 -D__IOS -fms-extensions -mcpu=cortex-a8 -fembed-bitcode -w  -arch armv7 -isysroot /Applications/Xcode.app/Contents/Developer/Platforms/iPhoneOS.platform/Developer/SDKs/iPhoneOS10.1.sdk -Wl,-headerpad_max_install_names   CMakeFiles/cmTC_566bd.dir/CheckIncludeFile.c.o  -o cmTC_566bd  


Determining if the include file stddef.h exists passed with the following output:
Change Dir: /Users/eicaptain/Desktop/linphone-iphone/WORK/ios-armv7/Build/speex/CMakeFiles/CMakeTmp

Run Build Command:"/usr/bin/make" "cmTC_dbc37/fast"
/Applications/Xcode.app/Contents/Developer/usr/bin/make -f CMakeFiles/cmTC_dbc37.dir/build.make CMakeFiles/cmTC_dbc37.dir/build
Building C object CMakeFiles/cmTC_dbc37.dir/CheckIncludeFile.c.o
/Applications/Xcode.app/Contents/Developer/Toolchains/XcodeDefault.xctoolchain/usr/bin/clang  --target=armv7-apple-darwin   -miphoneos-version-min=8.0 -DTARGET_OS_IPHONE=1 -D__IOS -fms-extensions -mcpu=cortex-a8 -fembed-bitcode -w  -arch armv7 -isysroot /Applications/Xcode.app/Contents/Developer/Platforms/iPhoneOS.platform/Developer/SDKs/iPhoneOS10.1.sdk   -o CMakeFiles/cmTC_dbc37.dir/CheckIncludeFile.c.o   -c /Users/eicaptain/Desktop/linphone-iphone/WORK/ios-armv7/Build/speex/CMakeFiles/CMakeTmp/CheckIncludeFile.c
Linking C executable cmTC_dbc37
/usr/local/Cellar/cmake/3.4.3/bin/cmake -E cmake_link_script CMakeFiles/cmTC_dbc37.dir/link.txt --verbose=1
/Applications/Xcode.app/Contents/Developer/Toolchains/XcodeDefault.xctoolchain/usr/bin/clang  --target=armv7-apple-darwin  -miphoneos-version-min=8.0 -DTARGET_OS_IPHONE=1 -D__IOS -fms-extensions -mcpu=cortex-a8 -fembed-bitcode -w  -arch armv7 -isysroot /Applications/Xcode.app/Contents/Developer/Platforms/iPhoneOS.platform/Developer/SDKs/iPhoneOS10.1.sdk -Wl,-headerpad_max_install_names   CMakeFiles/cmTC_dbc37.dir/CheckIncludeFile.c.o  -o cmTC_dbc37  


Determining size of short passed with the following output:
Change Dir: /Users/eicaptain/Desktop/linphone-iphone/WORK/ios-armv7/Build/speex/CMakeFiles/CMakeTmp

Run Build Command:"/usr/bin/make" "cmTC_07161/fast"
/Applications/Xcode.app/Contents/Developer/usr/bin/make -f CMakeFiles/cmTC_07161.dir/build.make CMakeFiles/cmTC_07161.dir/build
Building C object CMakeFiles/cmTC_07161.dir/SHORT.c.o
/Applications/Xcode.app/Contents/Developer/Toolchains/XcodeDefault.xctoolchain/usr/bin/clang  --target=armv7-apple-darwin   -miphoneos-version-min=8.0 -DTARGET_OS_IPHONE=1 -D__IOS -fms-extensions -mcpu=cortex-a8 -fembed-bitcode -w  -arch armv7 -isysroot /Applications/Xcode.app/Contents/Developer/Platforms/iPhoneOS.platform/Developer/SDKs/iPhoneOS10.1.sdk   -o CMakeFiles/cmTC_07161.dir/SHORT.c.o   -c /Users/eicaptain/Desktop/linphone-iphone/WORK/ios-armv7/Build/speex/CMakeFiles/CheckTypeSize/SHORT.c
Linking C executable cmTC_07161
/usr/local/Cellar/cmake/3.4.3/bin/cmake -E cmake_link_script CMakeFiles/cmTC_07161.dir/link.txt --verbose=1
/Applications/Xcode.app/Contents/Developer/Toolchains/XcodeDefault.xctoolchain/usr/bin/clang  --target=armv7-apple-darwin  -miphoneos-version-min=8.0 -DTARGET_OS_IPHONE=1 -D__IOS -fms-extensions -mcpu=cortex-a8 -fembed-bitcode -w  -arch armv7 -isysroot /Applications/Xcode.app/Contents/Developer/Platforms/iPhoneOS.platform/Developer/SDKs/iPhoneOS10.1.sdk -Wl,-headerpad_max_install_names   CMakeFiles/cmTC_07161.dir/SHORT.c.o  -o cmTC_07161  


Determining size of int passed with the following output:
Change Dir: /Users/eicaptain/Desktop/linphone-iphone/WORK/ios-armv7/Build/speex/CMakeFiles/CMakeTmp

Run Build Command:"/usr/bin/make" "cmTC_9fcab/fast"
/Applications/Xcode.app/Contents/Developer/usr/bin/make -f CMakeFiles/cmTC_9fcab.dir/build.make CMakeFiles/cmTC_9fcab.dir/build
Building C object CMakeFiles/cmTC_9fcab.dir/INT.c.o
/Applications/Xcode.app/Contents/Developer/Toolchains/XcodeDefault.xctoolchain/usr/bin/clang  --target=armv7-apple-darwin   -miphoneos-version-min=8.0 -DTARGET_OS_IPHONE=1 -D__IOS -fms-extensions -mcpu=cortex-a8 -fembed-bitcode -w  -arch armv7 -isysroot /Applications/Xcode.app/Contents/Developer/Platforms/iPhoneOS.platform/Developer/SDKs/iPhoneOS10.1.sdk   -o CMakeFiles/cmTC_9fcab.dir/INT.c.o   -c /Users/eicaptain/Desktop/linphone-iphone/WORK/ios-armv7/Build/speex/CMakeFiles/CheckTypeSize/INT.c
Linking C executable cmTC_9fcab
/usr/local/Cellar/cmake/3.4.3/bin/cmake -E cmake_link_script CMakeFiles/cmTC_9fcab.dir/link.txt --verbose=1
/Applications/Xcode.app/Contents/Developer/Toolchains/XcodeDefault.xctoolchain/usr/bin/clang  --target=armv7-apple-darwin  -miphoneos-version-min=8.0 -DTARGET_OS_IPHONE=1 -D__IOS -fms-extensions -mcpu=cortex-a8 -fembed-bitcode -w  -arch armv7 -isysroot /Applications/Xcode.app/Contents/Developer/Platforms/iPhoneOS.platform/Developer/SDKs/iPhoneOS10.1.sdk -Wl,-headerpad_max_install_names   CMakeFiles/cmTC_9fcab.dir/INT.c.o  -o cmTC_9fcab  


Determining size of long passed with the following output:
Change Dir: /Users/eicaptain/Desktop/linphone-iphone/WORK/ios-armv7/Build/speex/CMakeFiles/CMakeTmp

Run Build Command:"/usr/bin/make" "cmTC_ea231/fast"
/Applications/Xcode.app/Contents/Developer/usr/bin/make -f CMakeFiles/cmTC_ea231.dir/build.make CMakeFiles/cmTC_ea231.dir/build
Building C object CMakeFiles/cmTC_ea231.dir/LONG.c.o
/Applications/Xcode.app/Contents/Developer/Toolchains/XcodeDefault.xctoolchain/usr/bin/clang  --target=armv7-apple-darwin   -miphoneos-version-min=8.0 -DTARGET_OS_IPHONE=1 -D__IOS -fms-extensions -mcpu=cortex-a8 -fembed-bitcode -w  -arch armv7 -isysroot /Applications/Xcode.app/Contents/Developer/Platforms/iPhoneOS.platform/Developer/SDKs/iPhoneOS10.1.sdk   -o CMakeFiles/cmTC_ea231.dir/LONG.c.o   -c /Users/eicaptain/Desktop/linphone-iphone/WORK/ios-armv7/Build/speex/CMakeFiles/CheckTypeSize/LONG.c
Linking C executable cmTC_ea231
/usr/local/Cellar/cmake/3.4.3/bin/cmake -E cmake_link_script CMakeFiles/cmTC_ea231.dir/link.txt --verbose=1
/Applications/Xcode.app/Contents/Developer/Toolchains/XcodeDefault.xctoolchain/usr/bin/clang  --target=armv7-apple-darwin  -miphoneos-version-min=8.0 -DTARGET_OS_IPHONE=1 -D__IOS -fms-extensions -mcpu=cortex-a8 -fembed-bitcode -w  -arch armv7 -isysroot /Applications/Xcode.app/Contents/Developer/Platforms/iPhoneOS.platform/Developer/SDKs/iPhoneOS10.1.sdk -Wl,-headerpad_max_install_names   CMakeFiles/cmTC_ea231.dir/LONG.c.o  -o cmTC_ea231  


