Determining if the include file malloc.h exists failed with the following output:
Change Dir: /Users/eicaptain/Desktop/linphone-iphone/WORK/ios-x86_64/Build/antlr3c/CMakeFiles/CMakeTmp

Run Build Command:"/usr/bin/make" "cmTC_191ca/fast"
/Applications/Xcode.app/Contents/Developer/usr/bin/make -f CMakeFiles/cmTC_191ca.dir/build.make CMakeFiles/cmTC_191ca.dir/build
Building C object CMakeFiles/cmTC_191ca.dir/CheckIncludeFile.c.o
/Applications/Xcode.app/Contents/Developer/Toolchains/XcodeDefault.xctoolchain/usr/bin/clang  --target=x86_64-apple-darwin   -miphoneos-version-min=8.0 -DTARGET_OS_IPHONE=1 -D__IOS -fms-extensions -w  -arch x86_64 -isysroot /Applications/Xcode.app/Contents/Developer/Platforms/iPhoneSimulator.platform/Developer/SDKs/iPhoneSimulator10.1.sdk   -o CMakeFiles/cmTC_191ca.dir/CheckIncludeFile.c.o   -c /Users/eicaptain/Desktop/linphone-iphone/WORK/ios-x86_64/Build/antlr3c/CMakeFiles/CMakeTmp/CheckIncludeFile.c
/Users/eicaptain/Desktop/linphone-iphone/WORK/ios-x86_64/Build/antlr3c/CMakeFiles/CMakeTmp/CheckIncludeFile.c:1:10: fatal error: 'malloc.h' file not found
#include <malloc.h>
         ^
1 error generated.
make[5]: *** [CMakeFiles/cmTC_191ca.dir/CheckIncludeFile.c.o] Error 1
make[4]: *** [cmTC_191ca/fast] Error 2


Determining if the include file socket.h exists failed with the following output:
Change Dir: /Users/eicaptain/Desktop/linphone-iphone/WORK/ios-x86_64/Build/antlr3c/CMakeFiles/CMakeTmp

Run Build Command:"/usr/bin/make" "cmTC_55f38/fast"
/Applications/Xcode.app/Contents/Developer/usr/bin/make -f CMakeFiles/cmTC_55f38.dir/build.make CMakeFiles/cmTC_55f38.dir/build
Building C object CMakeFiles/cmTC_55f38.dir/CheckIncludeFile.c.o
/Applications/Xcode.app/Contents/Developer/Toolchains/XcodeDefault.xctoolchain/usr/bin/clang  --target=x86_64-apple-darwin   -miphoneos-version-min=8.0 -DTARGET_OS_IPHONE=1 -D__IOS -fms-extensions -w  -arch x86_64 -isysroot /Applications/Xcode.app/Contents/Developer/Platforms/iPhoneSimulator.platform/Developer/SDKs/iPhoneSimulator10.1.sdk   -o CMakeFiles/cmTC_55f38.dir/CheckIncludeFile.c.o   -c /Users/eicaptain/Desktop/linphone-iphone/WORK/ios-x86_64/Build/antlr3c/CMakeFiles/CMakeTmp/CheckIncludeFile.c
/Users/eicaptain/Desktop/linphone-iphone/WORK/ios-x86_64/Build/antlr3c/CMakeFiles/CMakeTmp/CheckIncludeFile.c:1:10: fatal error: 'socket.h' file not found
#include <socket.h>
         ^
1 error generated.
make[5]: *** [CMakeFiles/cmTC_55f38.dir/CheckIncludeFile.c.o] Error 1
make[4]: *** [cmTC_55f38/fast] Error 2


