The target system is: Darwin -  - aarch64
The host system is: Darwin - 15.6.0 - x86_64
Compiling the C compiler identification source file "CMakeCCompilerId.c" succeeded.
Compiler: /Applications/Xcode.app/Contents/Developer/Toolchains/XcodeDefault.xctoolchain/usr/bin/clang 
Build flags: ;-miphoneos-version-min=8.0;-DTARGET_OS_IPHONE=1;-D__IOS;-fms-extensions;-fembed-bitcode;-w
Id flags: -c

The output was:
0


Compilation of the C compiler identification source "CMakeCCompilerId.c" produced "CMakeCCompilerId.o"

The C compiler identification is AppleClang, found in "/Users/eicaptain/Desktop/linphone-iphone/WORK/ios-arm64/Build/srtp/CMakeFiles/3.4.3/CompilerIdC/CMakeCCompilerId.o"

Determining if the C compiler works passed with the following output:
Change Dir: /Users/eicaptain/Desktop/linphone-iphone/WORK/ios-arm64/Build/srtp/CMakeFiles/CMakeTmp

Run Build Command:"/usr/bin/make" "cmTC_a90c0/fast"
/Applications/Xcode.app/Contents/Developer/usr/bin/make -f CMakeFiles/cmTC_a90c0.dir/build.make CMakeFiles/cmTC_a90c0.dir/build
Building C object CMakeFiles/cmTC_a90c0.dir/testCCompiler.c.o
/Applications/Xcode.app/Contents/Developer/Toolchains/XcodeDefault.xctoolchain/usr/bin/clang  --target=arm64-apple-darwin   -miphoneos-version-min=8.0 -DTARGET_OS_IPHONE=1 -D__IOS -fms-extensions -fembed-bitcode -w  -arch arm64 -isysroot /Applications/Xcode.app/Contents/Developer/Platforms/iPhoneOS.platform/Developer/SDKs/iPhoneOS10.1.sdk   -o CMakeFiles/cmTC_a90c0.dir/testCCompiler.c.o   -c /Users/eicaptain/Desktop/linphone-iphone/WORK/ios-arm64/Build/srtp/CMakeFiles/CMakeTmp/testCCompiler.c
Linking C executable cmTC_a90c0
/usr/local/Cellar/cmake/3.4.3/bin/cmake -E cmake_link_script CMakeFiles/cmTC_a90c0.dir/link.txt --verbose=1
/Applications/Xcode.app/Contents/Developer/Toolchains/XcodeDefault.xctoolchain/usr/bin/clang  --target=arm64-apple-darwin  -miphoneos-version-min=8.0 -DTARGET_OS_IPHONE=1 -D__IOS -fms-extensions -fembed-bitcode -w  -arch arm64 -isysroot /Applications/Xcode.app/Contents/Developer/Platforms/iPhoneOS.platform/Developer/SDKs/iPhoneOS10.1.sdk -Wl,-headerpad_max_install_names   CMakeFiles/cmTC_a90c0.dir/testCCompiler.c.o  -o cmTC_a90c0  


Detecting C compiler ABI info compiled with the following output:
Change Dir: /Users/eicaptain/Desktop/linphone-iphone/WORK/ios-arm64/Build/srtp/CMakeFiles/CMakeTmp

Run Build Command:"/usr/bin/make" "cmTC_d71b9/fast"
/Applications/Xcode.app/Contents/Developer/usr/bin/make -f CMakeFiles/cmTC_d71b9.dir/build.make CMakeFiles/cmTC_d71b9.dir/build
Building C object CMakeFiles/cmTC_d71b9.dir/CMakeCCompilerABI.c.o
/Applications/Xcode.app/Contents/Developer/Toolchains/XcodeDefault.xctoolchain/usr/bin/clang  --target=arm64-apple-darwin   -miphoneos-version-min=8.0 -DTARGET_OS_IPHONE=1 -D__IOS -fms-extensions -fembed-bitcode -w  -arch arm64 -isysroot /Applications/Xcode.app/Contents/Developer/Platforms/iPhoneOS.platform/Developer/SDKs/iPhoneOS10.1.sdk   -o CMakeFiles/cmTC_d71b9.dir/CMakeCCompilerABI.c.o   -c /usr/local/Cellar/cmake/3.4.3/share/cmake/Modules/CMakeCCompilerABI.c
Linking C executable cmTC_d71b9
/usr/local/Cellar/cmake/3.4.3/bin/cmake -E cmake_link_script CMakeFiles/cmTC_d71b9.dir/link.txt --verbose=1
/Applications/Xcode.app/Contents/Developer/Toolchains/XcodeDefault.xctoolchain/usr/bin/clang  --target=arm64-apple-darwin  -miphoneos-version-min=8.0 -DTARGET_OS_IPHONE=1 -D__IOS -fms-extensions -fembed-bitcode -w  -arch arm64 -isysroot /Applications/Xcode.app/Contents/Developer/Platforms/iPhoneOS.platform/Developer/SDKs/iPhoneOS10.1.sdk -Wl,-headerpad_max_install_names  -v -Wl,-v CMakeFiles/cmTC_d71b9.dir/CMakeCCompilerABI.c.o  -o cmTC_d71b9   
Apple LLVM version 8.0.0 (clang-800.0.42.1)
Target: aarch64-apple-darwin
Thread model: posix
InstalledDir: /Applications/Xcode.app/Contents/Developer/Toolchains/XcodeDefault.xctoolchain/usr/bin
 "/Applications/Xcode.app/Contents/Developer/Toolchains/XcodeDefault.xctoolchain/usr/bin/ld" -demangle -dynamic -arch arm64 -iphoneos_version_min 8.0.0 -bitcode_bundle -syslibroot /Applications/Xcode.app/Contents/Developer/Platforms/iPhoneOS.platform/Developer/SDKs/iPhoneOS10.1.sdk -w -o cmTC_d71b9 -headerpad_max_install_names -v CMakeFiles/cmTC_d71b9.dir/CMakeCCompilerABI.c.o -lSystem /Applications/Xcode.app/Contents/Developer/Toolchains/XcodeDefault.xctoolchain/usr/bin/../lib/clang/8.0.0/lib/darwin/libclang_rt.ios.a
@(#)PROGRAM:ld  PROJECT:ld64-274.1
configured to support archs: armv6 armv7 armv7s arm64 i386 x86_64 x86_64h armv6m armv7k armv7m armv7em (tvOS)
Library search paths:
	/Applications/Xcode.app/Contents/Developer/Platforms/iPhoneOS.platform/Developer/SDKs/iPhoneOS10.1.sdk/usr/lib
Framework search paths:
	/Applications/Xcode.app/Contents/Developer/Platforms/iPhoneOS.platform/Developer/SDKs/iPhoneOS10.1.sdk/System/Library/Frameworks/


Parsed C implicit link information from above output:
  link line regex: [^( *|.*[/\])(ld|([^/\]+-)?ld|collect2)[^/\]*( |$)]
  ignore line: [Change Dir: /Users/eicaptain/Desktop/linphone-iphone/WORK/ios-arm64/Build/srtp/CMakeFiles/CMakeTmp]
  ignore line: []
  ignore line: [Run Build Command:"/usr/bin/make" "cmTC_d71b9/fast"]
  ignore line: [/Applications/Xcode.app/Contents/Developer/usr/bin/make -f CMakeFiles/cmTC_d71b9.dir/build.make CMakeFiles/cmTC_d71b9.dir/build]
  ignore line: [Building C object CMakeFiles/cmTC_d71b9.dir/CMakeCCompilerABI.c.o]
  ignore line: [/Applications/Xcode.app/Contents/Developer/Toolchains/XcodeDefault.xctoolchain/usr/bin/clang  --target=arm64-apple-darwin   -miphoneos-version-min=8.0 -DTARGET_OS_IPHONE=1 -D__IOS -fms-extensions -fembed-bitcode -w  -arch arm64 -isysroot /Applications/Xcode.app/Contents/Developer/Platforms/iPhoneOS.platform/Developer/SDKs/iPhoneOS10.1.sdk   -o CMakeFiles/cmTC_d71b9.dir/CMakeCCompilerABI.c.o   -c /usr/local/Cellar/cmake/3.4.3/share/cmake/Modules/CMakeCCompilerABI.c]
  ignore line: [Linking C executable cmTC_d71b9]
  ignore line: [/usr/local/Cellar/cmake/3.4.3/bin/cmake -E cmake_link_script CMakeFiles/cmTC_d71b9.dir/link.txt --verbose=1]
  ignore line: [/Applications/Xcode.app/Contents/Developer/Toolchains/XcodeDefault.xctoolchain/usr/bin/clang  --target=arm64-apple-darwin  -miphoneos-version-min=8.0 -DTARGET_OS_IPHONE=1 -D__IOS -fms-extensions -fembed-bitcode -w  -arch arm64 -isysroot /Applications/Xcode.app/Contents/Developer/Platforms/iPhoneOS.platform/Developer/SDKs/iPhoneOS10.1.sdk -Wl,-headerpad_max_install_names  -v -Wl,-v CMakeFiles/cmTC_d71b9.dir/CMakeCCompilerABI.c.o  -o cmTC_d71b9   ]
  ignore line: [Apple LLVM version 8.0.0 (clang-800.0.42.1)]
  ignore line: [Target: aarch64-apple-darwin]
  ignore line: [Thread model: posix]
  ignore line: [InstalledDir: /Applications/Xcode.app/Contents/Developer/Toolchains/XcodeDefault.xctoolchain/usr/bin]
  link line: [ "/Applications/Xcode.app/Contents/Developer/Toolchains/XcodeDefault.xctoolchain/usr/bin/ld" -demangle -dynamic -arch arm64 -iphoneos_version_min 8.0.0 -bitcode_bundle -syslibroot /Applications/Xcode.app/Contents/Developer/Platforms/iPhoneOS.platform/Developer/SDKs/iPhoneOS10.1.sdk -w -o cmTC_d71b9 -headerpad_max_install_names -v CMakeFiles/cmTC_d71b9.dir/CMakeCCompilerABI.c.o -lSystem /Applications/Xcode.app/Contents/Developer/Toolchains/XcodeDefault.xctoolchain/usr/bin/../lib/clang/8.0.0/lib/darwin/libclang_rt.ios.a]
    arg [/Applications/Xcode.app/Contents/Developer/Toolchains/XcodeDefault.xctoolchain/usr/bin/ld] ==> ignore
    arg [-demangle] ==> ignore
    arg [-dynamic] ==> ignore
    arg [-arch] ==> ignore
    arg [arm64] ==> ignore
    arg [-iphoneos_version_min] ==> ignore
    arg [8.0.0] ==> ignore
    arg [-bitcode_bundle] ==> ignore
    arg [-syslibroot] ==> ignore
    arg [/Applications/Xcode.app/Contents/Developer/Platforms/iPhoneOS.platform/Developer/SDKs/iPhoneOS10.1.sdk] ==> ignore
    arg [-w] ==> ignore
    arg [-o] ==> ignore
    arg [cmTC_d71b9] ==> ignore
    arg [-headerpad_max_install_names] ==> ignore
    arg [-v] ==> ignore
    arg [CMakeFiles/cmTC_d71b9.dir/CMakeCCompilerABI.c.o] ==> ignore
    arg [-lSystem] ==> lib [System]
    arg [/Applications/Xcode.app/Contents/Developer/Toolchains/XcodeDefault.xctoolchain/usr/bin/../lib/clang/8.0.0/lib/darwin/libclang_rt.ios.a] ==> lib [/Applications/Xcode.app/Contents/Developer/Toolchains/XcodeDefault.xctoolchain/usr/bin/../lib/clang/8.0.0/lib/darwin/libclang_rt.ios.a]
  Library search paths: [;/Applications/Xcode.app/Contents/Developer/Platforms/iPhoneOS.platform/Developer/SDKs/iPhoneOS10.1.sdk/usr/lib]
  Framework search paths: [;/Applications/Xcode.app/Contents/Developer/Platforms/iPhoneOS.platform/Developer/SDKs/iPhoneOS10.1.sdk/System/Library/Frameworks/]
  remove lib [System]
  collapse lib [/Applications/Xcode.app/Contents/Developer/Toolchains/XcodeDefault.xctoolchain/usr/bin/../lib/clang/8.0.0/lib/darwin/libclang_rt.ios.a] ==> [/Applications/Xcode.app/Contents/Developer/Toolchains/XcodeDefault.xctoolchain/usr/lib/clang/8.0.0/lib/darwin/libclang_rt.ios.a]
  collapse library dir [/Applications/Xcode.app/Contents/Developer/Platforms/iPhoneOS.platform/Developer/SDKs/iPhoneOS10.1.sdk/usr/lib] ==> [/Applications/Xcode.app/Contents/Developer/Platforms/iPhoneOS.platform/Developer/SDKs/iPhoneOS10.1.sdk/usr/lib]
  collapse framework dir [/Applications/Xcode.app/Contents/Developer/Platforms/iPhoneOS.platform/Developer/SDKs/iPhoneOS10.1.sdk/System/Library/Frameworks/] ==> [/Applications/Xcode.app/Contents/Developer/Platforms/iPhoneOS.platform/Developer/SDKs/iPhoneOS10.1.sdk/System/Library/Frameworks]
  implicit libs: [/Applications/Xcode.app/Contents/Developer/Toolchains/XcodeDefault.xctoolchain/usr/lib/clang/8.0.0/lib/darwin/libclang_rt.ios.a]
  implicit dirs: [/Applications/Xcode.app/Contents/Developer/Platforms/iPhoneOS.platform/Developer/SDKs/iPhoneOS10.1.sdk/usr/lib]
  implicit fwks: [/Applications/Xcode.app/Contents/Developer/Platforms/iPhoneOS.platform/Developer/SDKs/iPhoneOS10.1.sdk/System/Library/Frameworks]




Detecting C [-std=c11] compiler features compiled with the following output:
Change Dir: /Users/eicaptain/Desktop/linphone-iphone/WORK/ios-arm64/Build/srtp/CMakeFiles/CMakeTmp

Run Build Command:"/usr/bin/make" "cmTC_c353d/fast"
/Applications/Xcode.app/Contents/Developer/usr/bin/make -f CMakeFiles/cmTC_c353d.dir/build.make CMakeFiles/cmTC_c353d.dir/build
Building C object CMakeFiles/cmTC_c353d.dir/feature_tests.c.o
/Applications/Xcode.app/Contents/Developer/Toolchains/XcodeDefault.xctoolchain/usr/bin/clang  --target=arm64-apple-darwin   -miphoneos-version-min=8.0 -DTARGET_OS_IPHONE=1 -D__IOS -fms-extensions -fembed-bitcode -w  -arch arm64 -isysroot /Applications/Xcode.app/Contents/Developer/Platforms/iPhoneOS.platform/Developer/SDKs/iPhoneOS10.1.sdk   -std=c11 -o CMakeFiles/cmTC_c353d.dir/feature_tests.c.o   -c /Users/eicaptain/Desktop/linphone-iphone/WORK/ios-arm64/Build/srtp/CMakeFiles/feature_tests.c
Linking C executable cmTC_c353d
/usr/local/Cellar/cmake/3.4.3/bin/cmake -E cmake_link_script CMakeFiles/cmTC_c353d.dir/link.txt --verbose=1
/Applications/Xcode.app/Contents/Developer/Toolchains/XcodeDefault.xctoolchain/usr/bin/clang  --target=arm64-apple-darwin  -miphoneos-version-min=8.0 -DTARGET_OS_IPHONE=1 -D__IOS -fms-extensions -fembed-bitcode -w  -arch arm64 -isysroot /Applications/Xcode.app/Contents/Developer/Platforms/iPhoneOS.platform/Developer/SDKs/iPhoneOS10.1.sdk -Wl,-headerpad_max_install_names   CMakeFiles/cmTC_c353d.dir/feature_tests.c.o  -o cmTC_c353d  


    Feature record: C_FEATURE:1c_function_prototypes
    Feature record: C_FEATURE:1c_restrict
    Feature record: C_FEATURE:1c_static_assert
    Feature record: C_FEATURE:1c_variadic_macros


Detecting C [-std=c99] compiler features compiled with the following output:
Change Dir: /Users/eicaptain/Desktop/linphone-iphone/WORK/ios-arm64/Build/srtp/CMakeFiles/CMakeTmp

Run Build Command:"/usr/bin/make" "cmTC_1dab5/fast"
/Applications/Xcode.app/Contents/Developer/usr/bin/make -f CMakeFiles/cmTC_1dab5.dir/build.make CMakeFiles/cmTC_1dab5.dir/build
Building C object CMakeFiles/cmTC_1dab5.dir/feature_tests.c.o
/Applications/Xcode.app/Contents/Developer/Toolchains/XcodeDefault.xctoolchain/usr/bin/clang  --target=arm64-apple-darwin   -miphoneos-version-min=8.0 -DTARGET_OS_IPHONE=1 -D__IOS -fms-extensions -fembed-bitcode -w  -arch arm64 -isysroot /Applications/Xcode.app/Contents/Developer/Platforms/iPhoneOS.platform/Developer/SDKs/iPhoneOS10.1.sdk   -std=c99 -o CMakeFiles/cmTC_1dab5.dir/feature_tests.c.o   -c /Users/eicaptain/Desktop/linphone-iphone/WORK/ios-arm64/Build/srtp/CMakeFiles/feature_tests.c
Linking C executable cmTC_1dab5
/usr/local/Cellar/cmake/3.4.3/bin/cmake -E cmake_link_script CMakeFiles/cmTC_1dab5.dir/link.txt --verbose=1
/Applications/Xcode.app/Contents/Developer/Toolchains/XcodeDefault.xctoolchain/usr/bin/clang  --target=arm64-apple-darwin  -miphoneos-version-min=8.0 -DTARGET_OS_IPHONE=1 -D__IOS -fms-extensions -fembed-bitcode -w  -arch arm64 -isysroot /Applications/Xcode.app/Contents/Developer/Platforms/iPhoneOS.platform/Developer/SDKs/iPhoneOS10.1.sdk -Wl,-headerpad_max_install_names   CMakeFiles/cmTC_1dab5.dir/feature_tests.c.o  -o cmTC_1dab5  


    Feature record: C_FEATURE:1c_function_prototypes
    Feature record: C_FEATURE:1c_restrict
    Feature record: C_FEATURE:0c_static_assert
    Feature record: C_FEATURE:1c_variadic_macros


Detecting C [-std=c90] compiler features compiled with the following output:
Change Dir: /Users/eicaptain/Desktop/linphone-iphone/WORK/ios-arm64/Build/srtp/CMakeFiles/CMakeTmp

Run Build Command:"/usr/bin/make" "cmTC_2a324/fast"
/Applications/Xcode.app/Contents/Developer/usr/bin/make -f CMakeFiles/cmTC_2a324.dir/build.make CMakeFiles/cmTC_2a324.dir/build
Building C object CMakeFiles/cmTC_2a324.dir/feature_tests.c.o
/Applications/Xcode.app/Contents/Developer/Toolchains/XcodeDefault.xctoolchain/usr/bin/clang  --target=arm64-apple-darwin   -miphoneos-version-min=8.0 -DTARGET_OS_IPHONE=1 -D__IOS -fms-extensions -fembed-bitcode -w  -arch arm64 -isysroot /Applications/Xcode.app/Contents/Developer/Platforms/iPhoneOS.platform/Developer/SDKs/iPhoneOS10.1.sdk   -std=c90 -o CMakeFiles/cmTC_2a324.dir/feature_tests.c.o   -c /Users/eicaptain/Desktop/linphone-iphone/WORK/ios-arm64/Build/srtp/CMakeFiles/feature_tests.c
Linking C executable cmTC_2a324
/usr/local/Cellar/cmake/3.4.3/bin/cmake -E cmake_link_script CMakeFiles/cmTC_2a324.dir/link.txt --verbose=1
/Applications/Xcode.app/Contents/Developer/Toolchains/XcodeDefault.xctoolchain/usr/bin/clang  --target=arm64-apple-darwin  -miphoneos-version-min=8.0 -DTARGET_OS_IPHONE=1 -D__IOS -fms-extensions -fembed-bitcode -w  -arch arm64 -isysroot /Applications/Xcode.app/Contents/Developer/Platforms/iPhoneOS.platform/Developer/SDKs/iPhoneOS10.1.sdk -Wl,-headerpad_max_install_names   CMakeFiles/cmTC_2a324.dir/feature_tests.c.o  -o cmTC_2a324  


    Feature record: C_FEATURE:1c_function_prototypes
    Feature record: C_FEATURE:0c_restrict
    Feature record: C_FEATURE:0c_static_assert
    Feature record: C_FEATURE:0c_variadic_macros
Determining if the include file sys/types.h exists passed with the following output:
Change Dir: /Users/eicaptain/Desktop/linphone-iphone/WORK/ios-arm64/Build/srtp/CMakeFiles/CMakeTmp

Run Build Command:"/usr/bin/make" "cmTC_1b8a0/fast"
/Applications/Xcode.app/Contents/Developer/usr/bin/make -f CMakeFiles/cmTC_1b8a0.dir/build.make CMakeFiles/cmTC_1b8a0.dir/build
Building C object CMakeFiles/cmTC_1b8a0.dir/CheckIncludeFile.c.o
/Applications/Xcode.app/Contents/Developer/Toolchains/XcodeDefault.xctoolchain/usr/bin/clang  --target=arm64-apple-darwin   -miphoneos-version-min=8.0 -DTARGET_OS_IPHONE=1 -D__IOS -fms-extensions -fembed-bitcode -w  -arch arm64 -isysroot /Applications/Xcode.app/Contents/Developer/Platforms/iPhoneOS.platform/Developer/SDKs/iPhoneOS10.1.sdk   -o CMakeFiles/cmTC_1b8a0.dir/CheckIncludeFile.c.o   -c /Users/eicaptain/Desktop/linphone-iphone/WORK/ios-arm64/Build/srtp/CMakeFiles/CMakeTmp/CheckIncludeFile.c
Linking C executable cmTC_1b8a0
/usr/local/Cellar/cmake/3.4.3/bin/cmake -E cmake_link_script CMakeFiles/cmTC_1b8a0.dir/link.txt --verbose=1
/Applications/Xcode.app/Contents/Developer/Toolchains/XcodeDefault.xctoolchain/usr/bin/clang  --target=arm64-apple-darwin  -miphoneos-version-min=8.0 -DTARGET_OS_IPHONE=1 -D__IOS -fms-extensions -fembed-bitcode -w  -arch arm64 -isysroot /Applications/Xcode.app/Contents/Developer/Platforms/iPhoneOS.platform/Developer/SDKs/iPhoneOS10.1.sdk -Wl,-headerpad_max_install_names   CMakeFiles/cmTC_1b8a0.dir/CheckIncludeFile.c.o  -o cmTC_1b8a0  


Determining if the include file stdint.h exists passed with the following output:
Change Dir: /Users/eicaptain/Desktop/linphone-iphone/WORK/ios-arm64/Build/srtp/CMakeFiles/CMakeTmp

Run Build Command:"/usr/bin/make" "cmTC_510f8/fast"
/Applications/Xcode.app/Contents/Developer/usr/bin/make -f CMakeFiles/cmTC_510f8.dir/build.make CMakeFiles/cmTC_510f8.dir/build
Building C object CMakeFiles/cmTC_510f8.dir/CheckIncludeFile.c.o
/Applications/Xcode.app/Contents/Developer/Toolchains/XcodeDefault.xctoolchain/usr/bin/clang  --target=arm64-apple-darwin   -miphoneos-version-min=8.0 -DTARGET_OS_IPHONE=1 -D__IOS -fms-extensions -fembed-bitcode -w  -arch arm64 -isysroot /Applications/Xcode.app/Contents/Developer/Platforms/iPhoneOS.platform/Developer/SDKs/iPhoneOS10.1.sdk   -o CMakeFiles/cmTC_510f8.dir/CheckIncludeFile.c.o   -c /Users/eicaptain/Desktop/linphone-iphone/WORK/ios-arm64/Build/srtp/CMakeFiles/CMakeTmp/CheckIncludeFile.c
Linking C executable cmTC_510f8
/usr/local/Cellar/cmake/3.4.3/bin/cmake -E cmake_link_script CMakeFiles/cmTC_510f8.dir/link.txt --verbose=1
/Applications/Xcode.app/Contents/Developer/Toolchains/XcodeDefault.xctoolchain/usr/bin/clang  --target=arm64-apple-darwin  -miphoneos-version-min=8.0 -DTARGET_OS_IPHONE=1 -D__IOS -fms-extensions -fembed-bitcode -w  -arch arm64 -isysroot /Applications/Xcode.app/Contents/Developer/Platforms/iPhoneOS.platform/Developer/SDKs/iPhoneOS10.1.sdk -Wl,-headerpad_max_install_names   CMakeFiles/cmTC_510f8.dir/CheckIncludeFile.c.o  -o cmTC_510f8  


Determining if the include file stddef.h exists passed with the following output:
Change Dir: /Users/eicaptain/Desktop/linphone-iphone/WORK/ios-arm64/Build/srtp/CMakeFiles/CMakeTmp

Run Build Command:"/usr/bin/make" "cmTC_ad058/fast"
/Applications/Xcode.app/Contents/Developer/usr/bin/make -f CMakeFiles/cmTC_ad058.dir/build.make CMakeFiles/cmTC_ad058.dir/build
Building C object CMakeFiles/cmTC_ad058.dir/CheckIncludeFile.c.o
/Applications/Xcode.app/Contents/Developer/Toolchains/XcodeDefault.xctoolchain/usr/bin/clang  --target=arm64-apple-darwin   -miphoneos-version-min=8.0 -DTARGET_OS_IPHONE=1 -D__IOS -fms-extensions -fembed-bitcode -w  -arch arm64 -isysroot /Applications/Xcode.app/Contents/Developer/Platforms/iPhoneOS.platform/Developer/SDKs/iPhoneOS10.1.sdk   -o CMakeFiles/cmTC_ad058.dir/CheckIncludeFile.c.o   -c /Users/eicaptain/Desktop/linphone-iphone/WORK/ios-arm64/Build/srtp/CMakeFiles/CMakeTmp/CheckIncludeFile.c
Linking C executable cmTC_ad058
/usr/local/Cellar/cmake/3.4.3/bin/cmake -E cmake_link_script CMakeFiles/cmTC_ad058.dir/link.txt --verbose=1
/Applications/Xcode.app/Contents/Developer/Toolchains/XcodeDefault.xctoolchain/usr/bin/clang  --target=arm64-apple-darwin  -miphoneos-version-min=8.0 -DTARGET_OS_IPHONE=1 -D__IOS -fms-extensions -fembed-bitcode -w  -arch arm64 -isysroot /Applications/Xcode.app/Contents/Developer/Platforms/iPhoneOS.platform/Developer/SDKs/iPhoneOS10.1.sdk -Wl,-headerpad_max_install_names   CMakeFiles/cmTC_ad058.dir/CheckIncludeFile.c.o  -o cmTC_ad058  


Determining size of unsigned short passed with the following output:
Change Dir: /Users/eicaptain/Desktop/linphone-iphone/WORK/ios-arm64/Build/srtp/CMakeFiles/CMakeTmp

Run Build Command:"/usr/bin/make" "cmTC_dedae/fast"
/Applications/Xcode.app/Contents/Developer/usr/bin/make -f CMakeFiles/cmTC_dedae.dir/build.make CMakeFiles/cmTC_dedae.dir/build
Building C object CMakeFiles/cmTC_dedae.dir/CMAKE_SIZEOF_UNSIGNED_SHORT.c.o
/Applications/Xcode.app/Contents/Developer/Toolchains/XcodeDefault.xctoolchain/usr/bin/clang  --target=arm64-apple-darwin   -miphoneos-version-min=8.0 -DTARGET_OS_IPHONE=1 -D__IOS -fms-extensions -fembed-bitcode -w  -arch arm64 -isysroot /Applications/Xcode.app/Contents/Developer/Platforms/iPhoneOS.platform/Developer/SDKs/iPhoneOS10.1.sdk   -o CMakeFiles/cmTC_dedae.dir/CMAKE_SIZEOF_UNSIGNED_SHORT.c.o   -c /Users/eicaptain/Desktop/linphone-iphone/WORK/ios-arm64/Build/srtp/CMakeFiles/CheckTypeSize/CMAKE_SIZEOF_UNSIGNED_SHORT.c
Linking C executable cmTC_dedae
/usr/local/Cellar/cmake/3.4.3/bin/cmake -E cmake_link_script CMakeFiles/cmTC_dedae.dir/link.txt --verbose=1
/Applications/Xcode.app/Contents/Developer/Toolchains/XcodeDefault.xctoolchain/usr/bin/clang  --target=arm64-apple-darwin  -miphoneos-version-min=8.0 -DTARGET_OS_IPHONE=1 -D__IOS -fms-extensions -fembed-bitcode -w  -arch arm64 -isysroot /Applications/Xcode.app/Contents/Developer/Platforms/iPhoneOS.platform/Developer/SDKs/iPhoneOS10.1.sdk -Wl,-headerpad_max_install_names   CMakeFiles/cmTC_dedae.dir/CMAKE_SIZEOF_UNSIGNED_SHORT.c.o  -o cmTC_dedae  


Determining if the include file stdlib.h exists passed with the following output:
Change Dir: /Users/eicaptain/Desktop/linphone-iphone/WORK/ios-arm64/Build/srtp/CMakeFiles/CMakeTmp

Run Build Command:"/usr/bin/make" "cmTC_5aa52/fast"
/Applications/Xcode.app/Contents/Developer/usr/bin/make -f CMakeFiles/cmTC_5aa52.dir/build.make CMakeFiles/cmTC_5aa52.dir/build
Building C object CMakeFiles/cmTC_5aa52.dir/CheckIncludeFile.c.o
/Applications/Xcode.app/Contents/Developer/Toolchains/XcodeDefault.xctoolchain/usr/bin/clang  --target=arm64-apple-darwin   -miphoneos-version-min=8.0 -DTARGET_OS_IPHONE=1 -D__IOS -fms-extensions -fembed-bitcode -w  -arch arm64 -isysroot /Applications/Xcode.app/Contents/Developer/Platforms/iPhoneOS.platform/Developer/SDKs/iPhoneOS10.1.sdk   -o CMakeFiles/cmTC_5aa52.dir/CheckIncludeFile.c.o   -c /Users/eicaptain/Desktop/linphone-iphone/WORK/ios-arm64/Build/srtp/CMakeFiles/CMakeTmp/CheckIncludeFile.c
Linking C executable cmTC_5aa52
/usr/local/Cellar/cmake/3.4.3/bin/cmake -E cmake_link_script CMakeFiles/cmTC_5aa52.dir/link.txt --verbose=1
/Applications/Xcode.app/Contents/Developer/Toolchains/XcodeDefault.xctoolchain/usr/bin/clang  --target=arm64-apple-darwin  -miphoneos-version-min=8.0 -DTARGET_OS_IPHONE=1 -D__IOS -fms-extensions -fembed-bitcode -w  -arch arm64 -isysroot /Applications/Xcode.app/Contents/Developer/Platforms/iPhoneOS.platform/Developer/SDKs/iPhoneOS10.1.sdk -Wl,-headerpad_max_install_names   CMakeFiles/cmTC_5aa52.dir/CheckIncludeFile.c.o  -o cmTC_5aa52  


Determining if the include file unistd.h exists passed with the following output:
Change Dir: /Users/eicaptain/Desktop/linphone-iphone/WORK/ios-arm64/Build/srtp/CMakeFiles/CMakeTmp

Run Build Command:"/usr/bin/make" "cmTC_9c2be/fast"
/Applications/Xcode.app/Contents/Developer/usr/bin/make -f CMakeFiles/cmTC_9c2be.dir/build.make CMakeFiles/cmTC_9c2be.dir/build
Building C object CMakeFiles/cmTC_9c2be.dir/CheckIncludeFile.c.o
/Applications/Xcode.app/Contents/Developer/Toolchains/XcodeDefault.xctoolchain/usr/bin/clang  --target=arm64-apple-darwin   -miphoneos-version-min=8.0 -DTARGET_OS_IPHONE=1 -D__IOS -fms-extensions -fembed-bitcode -w  -arch arm64 -isysroot /Applications/Xcode.app/Contents/Developer/Platforms/iPhoneOS.platform/Developer/SDKs/iPhoneOS10.1.sdk   -o CMakeFiles/cmTC_9c2be.dir/CheckIncludeFile.c.o   -c /Users/eicaptain/Desktop/linphone-iphone/WORK/ios-arm64/Build/srtp/CMakeFiles/CMakeTmp/CheckIncludeFile.c
Linking C executable cmTC_9c2be
/usr/local/Cellar/cmake/3.4.3/bin/cmake -E cmake_link_script CMakeFiles/cmTC_9c2be.dir/link.txt --verbose=1
/Applications/Xcode.app/Contents/Developer/Toolchains/XcodeDefault.xctoolchain/usr/bin/clang  --target=arm64-apple-darwin  -miphoneos-version-min=8.0 -DTARGET_OS_IPHONE=1 -D__IOS -fms-extensions -fembed-bitcode -w  -arch arm64 -isysroot /Applications/Xcode.app/Contents/Developer/Platforms/iPhoneOS.platform/Developer/SDKs/iPhoneOS10.1.sdk -Wl,-headerpad_max_install_names   CMakeFiles/cmTC_9c2be.dir/CheckIncludeFile.c.o  -o cmTC_9c2be  


Determining if the include file inttypes.h exists passed with the following output:
Change Dir: /Users/eicaptain/Desktop/linphone-iphone/WORK/ios-arm64/Build/srtp/CMakeFiles/CMakeTmp

Run Build Command:"/usr/bin/make" "cmTC_c8954/fast"
/Applications/Xcode.app/Contents/Developer/usr/bin/make -f CMakeFiles/cmTC_c8954.dir/build.make CMakeFiles/cmTC_c8954.dir/build
Building C object CMakeFiles/cmTC_c8954.dir/CheckIncludeFile.c.o
/Applications/Xcode.app/Contents/Developer/Toolchains/XcodeDefault.xctoolchain/usr/bin/clang  --target=arm64-apple-darwin   -miphoneos-version-min=8.0 -DTARGET_OS_IPHONE=1 -D__IOS -fms-extensions -fembed-bitcode -w  -arch arm64 -isysroot /Applications/Xcode.app/Contents/Developer/Platforms/iPhoneOS.platform/Developer/SDKs/iPhoneOS10.1.sdk   -o CMakeFiles/cmTC_c8954.dir/CheckIncludeFile.c.o   -c /Users/eicaptain/Desktop/linphone-iphone/WORK/ios-arm64/Build/srtp/CMakeFiles/CMakeTmp/CheckIncludeFile.c
Linking C executable cmTC_c8954
/usr/local/Cellar/cmake/3.4.3/bin/cmake -E cmake_link_script CMakeFiles/cmTC_c8954.dir/link.txt --verbose=1
/Applications/Xcode.app/Contents/Developer/Toolchains/XcodeDefault.xctoolchain/usr/bin/clang  --target=arm64-apple-darwin  -miphoneos-version-min=8.0 -DTARGET_OS_IPHONE=1 -D__IOS -fms-extensions -fembed-bitcode -w  -arch arm64 -isysroot /Applications/Xcode.app/Contents/Developer/Platforms/iPhoneOS.platform/Developer/SDKs/iPhoneOS10.1.sdk -Wl,-headerpad_max_install_names   CMakeFiles/cmTC_c8954.dir/CheckIncludeFile.c.o  -o cmTC_c8954  


Determining if the include file machine/types.h exists passed with the following output:
Change Dir: /Users/eicaptain/Desktop/linphone-iphone/WORK/ios-arm64/Build/srtp/CMakeFiles/CMakeTmp

Run Build Command:"/usr/bin/make" "cmTC_8dff4/fast"
/Applications/Xcode.app/Contents/Developer/usr/bin/make -f CMakeFiles/cmTC_8dff4.dir/build.make CMakeFiles/cmTC_8dff4.dir/build
Building C object CMakeFiles/cmTC_8dff4.dir/CheckIncludeFile.c.o
/Applications/Xcode.app/Contents/Developer/Toolchains/XcodeDefault.xctoolchain/usr/bin/clang  --target=arm64-apple-darwin   -miphoneos-version-min=8.0 -DTARGET_OS_IPHONE=1 -D__IOS -fms-extensions -fembed-bitcode -w  -arch arm64 -isysroot /Applications/Xcode.app/Contents/Developer/Platforms/iPhoneOS.platform/Developer/SDKs/iPhoneOS10.1.sdk   -o CMakeFiles/cmTC_8dff4.dir/CheckIncludeFile.c.o   -c /Users/eicaptain/Desktop/linphone-iphone/WORK/ios-arm64/Build/srtp/CMakeFiles/CMakeTmp/CheckIncludeFile.c
Linking C executable cmTC_8dff4
/usr/local/Cellar/cmake/3.4.3/bin/cmake -E cmake_link_script CMakeFiles/cmTC_8dff4.dir/link.txt --verbose=1
/Applications/Xcode.app/Contents/Developer/Toolchains/XcodeDefault.xctoolchain/usr/bin/clang  --target=arm64-apple-darwin  -miphoneos-version-min=8.0 -DTARGET_OS_IPHONE=1 -D__IOS -fms-extensions -fembed-bitcode -w  -arch arm64 -isysroot /Applications/Xcode.app/Contents/Developer/Platforms/iPhoneOS.platform/Developer/SDKs/iPhoneOS10.1.sdk -Wl,-headerpad_max_install_names   CMakeFiles/cmTC_8dff4.dir/CheckIncludeFile.c.o  -o cmTC_8dff4  


Determining if the include file sys/socket.h exists passed with the following output:
Change Dir: /Users/eicaptain/Desktop/linphone-iphone/WORK/ios-arm64/Build/srtp/CMakeFiles/CMakeTmp

Run Build Command:"/usr/bin/make" "cmTC_f696a/fast"
/Applications/Xcode.app/Contents/Developer/usr/bin/make -f CMakeFiles/cmTC_f696a.dir/build.make CMakeFiles/cmTC_f696a.dir/build
Building C object CMakeFiles/cmTC_f696a.dir/CheckIncludeFile.c.o
/Applications/Xcode.app/Contents/Developer/Toolchains/XcodeDefault.xctoolchain/usr/bin/clang  --target=arm64-apple-darwin   -miphoneos-version-min=8.0 -DTARGET_OS_IPHONE=1 -D__IOS -fms-extensions -fembed-bitcode -w  -arch arm64 -isysroot /Applications/Xcode.app/Contents/Developer/Platforms/iPhoneOS.platform/Developer/SDKs/iPhoneOS10.1.sdk   -o CMakeFiles/cmTC_f696a.dir/CheckIncludeFile.c.o   -c /Users/eicaptain/Desktop/linphone-iphone/WORK/ios-arm64/Build/srtp/CMakeFiles/CMakeTmp/CheckIncludeFile.c
Linking C executable cmTC_f696a
/usr/local/Cellar/cmake/3.4.3/bin/cmake -E cmake_link_script CMakeFiles/cmTC_f696a.dir/link.txt --verbose=1
/Applications/Xcode.app/Contents/Developer/Toolchains/XcodeDefault.xctoolchain/usr/bin/clang  --target=arm64-apple-darwin  -miphoneos-version-min=8.0 -DTARGET_OS_IPHONE=1 -D__IOS -fms-extensions -fembed-bitcode -w  -arch arm64 -isysroot /Applications/Xcode.app/Contents/Developer/Platforms/iPhoneOS.platform/Developer/SDKs/iPhoneOS10.1.sdk -Wl,-headerpad_max_install_names   CMakeFiles/cmTC_f696a.dir/CheckIncludeFile.c.o  -o cmTC_f696a  


Determining if the include file netinet/in.h exists passed with the following output:
Change Dir: /Users/eicaptain/Desktop/linphone-iphone/WORK/ios-arm64/Build/srtp/CMakeFiles/CMakeTmp

Run Build Command:"/usr/bin/make" "cmTC_86e1f/fast"
/Applications/Xcode.app/Contents/Developer/usr/bin/make -f CMakeFiles/cmTC_86e1f.dir/build.make CMakeFiles/cmTC_86e1f.dir/build
Building C object CMakeFiles/cmTC_86e1f.dir/CheckIncludeFile.c.o
/Applications/Xcode.app/Contents/Developer/Toolchains/XcodeDefault.xctoolchain/usr/bin/clang  --target=arm64-apple-darwin   -miphoneos-version-min=8.0 -DTARGET_OS_IPHONE=1 -D__IOS -fms-extensions -fembed-bitcode -w  -arch arm64 -isysroot /Applications/Xcode.app/Contents/Developer/Platforms/iPhoneOS.platform/Developer/SDKs/iPhoneOS10.1.sdk   -o CMakeFiles/cmTC_86e1f.dir/CheckIncludeFile.c.o   -c /Users/eicaptain/Desktop/linphone-iphone/WORK/ios-arm64/Build/srtp/CMakeFiles/CMakeTmp/CheckIncludeFile.c
Linking C executable cmTC_86e1f
/usr/local/Cellar/cmake/3.4.3/bin/cmake -E cmake_link_script CMakeFiles/cmTC_86e1f.dir/link.txt --verbose=1
/Applications/Xcode.app/Contents/Developer/Toolchains/XcodeDefault.xctoolchain/usr/bin/clang  --target=arm64-apple-darwin  -miphoneos-version-min=8.0 -DTARGET_OS_IPHONE=1 -D__IOS -fms-extensions -fembed-bitcode -w  -arch arm64 -isysroot /Applications/Xcode.app/Contents/Developer/Platforms/iPhoneOS.platform/Developer/SDKs/iPhoneOS10.1.sdk -Wl,-headerpad_max_install_names   CMakeFiles/cmTC_86e1f.dir/CheckIncludeFile.c.o  -o cmTC_86e1f  


Determining if the include file arpa/inet.h exists passed with the following output:
Change Dir: /Users/eicaptain/Desktop/linphone-iphone/WORK/ios-arm64/Build/srtp/CMakeFiles/CMakeTmp

Run Build Command:"/usr/bin/make" "cmTC_4b1d4/fast"
/Applications/Xcode.app/Contents/Developer/usr/bin/make -f CMakeFiles/cmTC_4b1d4.dir/build.make CMakeFiles/cmTC_4b1d4.dir/build
Building C object CMakeFiles/cmTC_4b1d4.dir/CheckIncludeFile.c.o
/Applications/Xcode.app/Contents/Developer/Toolchains/XcodeDefault.xctoolchain/usr/bin/clang  --target=arm64-apple-darwin   -miphoneos-version-min=8.0 -DTARGET_OS_IPHONE=1 -D__IOS -fms-extensions -fembed-bitcode -w  -arch arm64 -isysroot /Applications/Xcode.app/Contents/Developer/Platforms/iPhoneOS.platform/Developer/SDKs/iPhoneOS10.1.sdk   -o CMakeFiles/cmTC_4b1d4.dir/CheckIncludeFile.c.o   -c /Users/eicaptain/Desktop/linphone-iphone/WORK/ios-arm64/Build/srtp/CMakeFiles/CMakeTmp/CheckIncludeFile.c
Linking C executable cmTC_4b1d4
/usr/local/Cellar/cmake/3.4.3/bin/cmake -E cmake_link_script CMakeFiles/cmTC_4b1d4.dir/link.txt --verbose=1
/Applications/Xcode.app/Contents/Developer/Toolchains/XcodeDefault.xctoolchain/usr/bin/clang  --target=arm64-apple-darwin  -miphoneos-version-min=8.0 -DTARGET_OS_IPHONE=1 -D__IOS -fms-extensions -fembed-bitcode -w  -arch arm64 -isysroot /Applications/Xcode.app/Contents/Developer/Platforms/iPhoneOS.platform/Developer/SDKs/iPhoneOS10.1.sdk -Wl,-headerpad_max_install_names   CMakeFiles/cmTC_4b1d4.dir/CheckIncludeFile.c.o  -o cmTC_4b1d4  


Determining if the include file syslog.h exists passed with the following output:
Change Dir: /Users/eicaptain/Desktop/linphone-iphone/WORK/ios-arm64/Build/srtp/CMakeFiles/CMakeTmp

Run Build Command:"/usr/bin/make" "cmTC_4791c/fast"
/Applications/Xcode.app/Contents/Developer/usr/bin/make -f CMakeFiles/cmTC_4791c.dir/build.make CMakeFiles/cmTC_4791c.dir/build
Building C object CMakeFiles/cmTC_4791c.dir/CheckIncludeFile.c.o
/Applications/Xcode.app/Contents/Developer/Toolchains/XcodeDefault.xctoolchain/usr/bin/clang  --target=arm64-apple-darwin   -miphoneos-version-min=8.0 -DTARGET_OS_IPHONE=1 -D__IOS -fms-extensions -fembed-bitcode -w  -arch arm64 -isysroot /Applications/Xcode.app/Contents/Developer/Platforms/iPhoneOS.platform/Developer/SDKs/iPhoneOS10.1.sdk   -o CMakeFiles/cmTC_4791c.dir/CheckIncludeFile.c.o   -c /Users/eicaptain/Desktop/linphone-iphone/WORK/ios-arm64/Build/srtp/CMakeFiles/CMakeTmp/CheckIncludeFile.c
Linking C executable cmTC_4791c
/usr/local/Cellar/cmake/3.4.3/bin/cmake -E cmake_link_script CMakeFiles/cmTC_4791c.dir/link.txt --verbose=1
/Applications/Xcode.app/Contents/Developer/Toolchains/XcodeDefault.xctoolchain/usr/bin/clang  --target=arm64-apple-darwin  -miphoneos-version-min=8.0 -DTARGET_OS_IPHONE=1 -D__IOS -fms-extensions -fembed-bitcode -w  -arch arm64 -isysroot /Applications/Xcode.app/Contents/Developer/Platforms/iPhoneOS.platform/Developer/SDKs/iPhoneOS10.1.sdk -Wl,-headerpad_max_install_names   CMakeFiles/cmTC_4791c.dir/CheckIncludeFile.c.o  -o cmTC_4791c  


Determining if the function inet_aton exists passed with the following output:
Change Dir: /Users/eicaptain/Desktop/linphone-iphone/WORK/ios-arm64/Build/srtp/CMakeFiles/CMakeTmp

Run Build Command:"/usr/bin/make" "cmTC_891ba/fast"
/Applications/Xcode.app/Contents/Developer/usr/bin/make -f CMakeFiles/cmTC_891ba.dir/build.make CMakeFiles/cmTC_891ba.dir/build
Building C object CMakeFiles/cmTC_891ba.dir/CheckFunctionExists.c.o
/Applications/Xcode.app/Contents/Developer/Toolchains/XcodeDefault.xctoolchain/usr/bin/clang  --target=arm64-apple-darwin   -miphoneos-version-min=8.0 -DTARGET_OS_IPHONE=1 -D__IOS -fms-extensions -fembed-bitcode -w -DCHECK_FUNCTION_EXISTS=inet_aton -arch arm64 -isysroot /Applications/Xcode.app/Contents/Developer/Platforms/iPhoneOS.platform/Developer/SDKs/iPhoneOS10.1.sdk   -o CMakeFiles/cmTC_891ba.dir/CheckFunctionExists.c.o   -c /usr/local/Cellar/cmake/3.4.3/share/cmake/Modules/CheckFunctionExists.c
Linking C executable cmTC_891ba
/usr/local/Cellar/cmake/3.4.3/bin/cmake -E cmake_link_script CMakeFiles/cmTC_891ba.dir/link.txt --verbose=1
/Applications/Xcode.app/Contents/Developer/Toolchains/XcodeDefault.xctoolchain/usr/bin/clang  --target=arm64-apple-darwin  -miphoneos-version-min=8.0 -DTARGET_OS_IPHONE=1 -D__IOS -fms-extensions -fembed-bitcode -w -DCHECK_FUNCTION_EXISTS=inet_aton -arch arm64 -isysroot /Applications/Xcode.app/Contents/Developer/Platforms/iPhoneOS.platform/Developer/SDKs/iPhoneOS10.1.sdk -Wl,-headerpad_max_install_names   CMakeFiles/cmTC_891ba.dir/CheckFunctionExists.c.o  -o cmTC_891ba  


Determining if the function usleep exists passed with the following output:
Change Dir: /Users/eicaptain/Desktop/linphone-iphone/WORK/ios-arm64/Build/srtp/CMakeFiles/CMakeTmp

Run Build Command:"/usr/bin/make" "cmTC_d556a/fast"
/Applications/Xcode.app/Contents/Developer/usr/bin/make -f CMakeFiles/cmTC_d556a.dir/build.make CMakeFiles/cmTC_d556a.dir/build
Building C object CMakeFiles/cmTC_d556a.dir/CheckFunctionExists.c.o
/Applications/Xcode.app/Contents/Developer/Toolchains/XcodeDefault.xctoolchain/usr/bin/clang  --target=arm64-apple-darwin   -miphoneos-version-min=8.0 -DTARGET_OS_IPHONE=1 -D__IOS -fms-extensions -fembed-bitcode -w -DCHECK_FUNCTION_EXISTS=usleep -arch arm64 -isysroot /Applications/Xcode.app/Contents/Developer/Platforms/iPhoneOS.platform/Developer/SDKs/iPhoneOS10.1.sdk   -o CMakeFiles/cmTC_d556a.dir/CheckFunctionExists.c.o   -c /usr/local/Cellar/cmake/3.4.3/share/cmake/Modules/CheckFunctionExists.c
Linking C executable cmTC_d556a
/usr/local/Cellar/cmake/3.4.3/bin/cmake -E cmake_link_script CMakeFiles/cmTC_d556a.dir/link.txt --verbose=1
/Applications/Xcode.app/Contents/Developer/Toolchains/XcodeDefault.xctoolchain/usr/bin/clang  --target=arm64-apple-darwin  -miphoneos-version-min=8.0 -DTARGET_OS_IPHONE=1 -D__IOS -fms-extensions -fembed-bitcode -w -DCHECK_FUNCTION_EXISTS=usleep -arch arm64 -isysroot /Applications/Xcode.app/Contents/Developer/Platforms/iPhoneOS.platform/Developer/SDKs/iPhoneOS10.1.sdk -Wl,-headerpad_max_install_names   CMakeFiles/cmTC_d556a.dir/CheckFunctionExists.c.o  -o cmTC_d556a  


Determining if the function sigaction exists passed with the following output:
Change Dir: /Users/eicaptain/Desktop/linphone-iphone/WORK/ios-arm64/Build/srtp/CMakeFiles/CMakeTmp

Run Build Command:"/usr/bin/make" "cmTC_7ef2c/fast"
/Applications/Xcode.app/Contents/Developer/usr/bin/make -f CMakeFiles/cmTC_7ef2c.dir/build.make CMakeFiles/cmTC_7ef2c.dir/build
Building C object CMakeFiles/cmTC_7ef2c.dir/CheckFunctionExists.c.o
/Applications/Xcode.app/Contents/Developer/Toolchains/XcodeDefault.xctoolchain/usr/bin/clang  --target=arm64-apple-darwin   -miphoneos-version-min=8.0 -DTARGET_OS_IPHONE=1 -D__IOS -fms-extensions -fembed-bitcode -w -DCHECK_FUNCTION_EXISTS=sigaction -arch arm64 -isysroot /Applications/Xcode.app/Contents/Developer/Platforms/iPhoneOS.platform/Developer/SDKs/iPhoneOS10.1.sdk   -o CMakeFiles/cmTC_7ef2c.dir/CheckFunctionExists.c.o   -c /usr/local/Cellar/cmake/3.4.3/share/cmake/Modules/CheckFunctionExists.c
Linking C executable cmTC_7ef2c
/usr/local/Cellar/cmake/3.4.3/bin/cmake -E cmake_link_script CMakeFiles/cmTC_7ef2c.dir/link.txt --verbose=1
/Applications/Xcode.app/Contents/Developer/Toolchains/XcodeDefault.xctoolchain/usr/bin/clang  --target=arm64-apple-darwin  -miphoneos-version-min=8.0 -DTARGET_OS_IPHONE=1 -D__IOS -fms-extensions -fembed-bitcode -w -DCHECK_FUNCTION_EXISTS=sigaction -arch arm64 -isysroot /Applications/Xcode.app/Contents/Developer/Platforms/iPhoneOS.platform/Developer/SDKs/iPhoneOS10.1.sdk -Wl,-headerpad_max_install_names   CMakeFiles/cmTC_7ef2c.dir/CheckFunctionExists.c.o  -o cmTC_7ef2c  


Determining size of uint8_t passed with the following output:
Change Dir: /Users/eicaptain/Desktop/linphone-iphone/WORK/ios-arm64/Build/srtp/CMakeFiles/CMakeTmp

Run Build Command:"/usr/bin/make" "cmTC_b8a48/fast"
/Applications/Xcode.app/Contents/Developer/usr/bin/make -f CMakeFiles/cmTC_b8a48.dir/build.make CMakeFiles/cmTC_b8a48.dir/build
Building C object CMakeFiles/cmTC_b8a48.dir/UINT8_T.c.o
/Applications/Xcode.app/Contents/Developer/Toolchains/XcodeDefault.xctoolchain/usr/bin/clang  --target=arm64-apple-darwin   -miphoneos-version-min=8.0 -DTARGET_OS_IPHONE=1 -D__IOS -fms-extensions -fembed-bitcode -w  -arch arm64 -isysroot /Applications/Xcode.app/Contents/Developer/Platforms/iPhoneOS.platform/Developer/SDKs/iPhoneOS10.1.sdk   -o CMakeFiles/cmTC_b8a48.dir/UINT8_T.c.o   -c /Users/eicaptain/Desktop/linphone-iphone/WORK/ios-arm64/Build/srtp/CMakeFiles/CheckTypeSize/UINT8_T.c
Linking C executable cmTC_b8a48
/usr/local/Cellar/cmake/3.4.3/bin/cmake -E cmake_link_script CMakeFiles/cmTC_b8a48.dir/link.txt --verbose=1
/Applications/Xcode.app/Contents/Developer/Toolchains/XcodeDefault.xctoolchain/usr/bin/clang  --target=arm64-apple-darwin  -miphoneos-version-min=8.0 -DTARGET_OS_IPHONE=1 -D__IOS -fms-extensions -fembed-bitcode -w  -arch arm64 -isysroot /Applications/Xcode.app/Contents/Developer/Platforms/iPhoneOS.platform/Developer/SDKs/iPhoneOS10.1.sdk -Wl,-headerpad_max_install_names   CMakeFiles/cmTC_b8a48.dir/UINT8_T.c.o  -o cmTC_b8a48  


Determining size of uint16_t passed with the following output:
Change Dir: /Users/eicaptain/Desktop/linphone-iphone/WORK/ios-arm64/Build/srtp/CMakeFiles/CMakeTmp

Run Build Command:"/usr/bin/make" "cmTC_b0bac/fast"
/Applications/Xcode.app/Contents/Developer/usr/bin/make -f CMakeFiles/cmTC_b0bac.dir/build.make CMakeFiles/cmTC_b0bac.dir/build
Building C object CMakeFiles/cmTC_b0bac.dir/UINT16_T.c.o
/Applications/Xcode.app/Contents/Developer/Toolchains/XcodeDefault.xctoolchain/usr/bin/clang  --target=arm64-apple-darwin   -miphoneos-version-min=8.0 -DTARGET_OS_IPHONE=1 -D__IOS -fms-extensions -fembed-bitcode -w  -arch arm64 -isysroot /Applications/Xcode.app/Contents/Developer/Platforms/iPhoneOS.platform/Developer/SDKs/iPhoneOS10.1.sdk   -o CMakeFiles/cmTC_b0bac.dir/UINT16_T.c.o   -c /Users/eicaptain/Desktop/linphone-iphone/WORK/ios-arm64/Build/srtp/CMakeFiles/CheckTypeSize/UINT16_T.c
Linking C executable cmTC_b0bac
/usr/local/Cellar/cmake/3.4.3/bin/cmake -E cmake_link_script CMakeFiles/cmTC_b0bac.dir/link.txt --verbose=1
/Applications/Xcode.app/Contents/Developer/Toolchains/XcodeDefault.xctoolchain/usr/bin/clang  --target=arm64-apple-darwin  -miphoneos-version-min=8.0 -DTARGET_OS_IPHONE=1 -D__IOS -fms-extensions -fembed-bitcode -w  -arch arm64 -isysroot /Applications/Xcode.app/Contents/Developer/Platforms/iPhoneOS.platform/Developer/SDKs/iPhoneOS10.1.sdk -Wl,-headerpad_max_install_names   CMakeFiles/cmTC_b0bac.dir/UINT16_T.c.o  -o cmTC_b0bac  


Determining size of uint32_t passed with the following output:
Change Dir: /Users/eicaptain/Desktop/linphone-iphone/WORK/ios-arm64/Build/srtp/CMakeFiles/CMakeTmp

Run Build Command:"/usr/bin/make" "cmTC_c36fe/fast"
/Applications/Xcode.app/Contents/Developer/usr/bin/make -f CMakeFiles/cmTC_c36fe.dir/build.make CMakeFiles/cmTC_c36fe.dir/build
Building C object CMakeFiles/cmTC_c36fe.dir/UINT32_T.c.o
/Applications/Xcode.app/Contents/Developer/Toolchains/XcodeDefault.xctoolchain/usr/bin/clang  --target=arm64-apple-darwin   -miphoneos-version-min=8.0 -DTARGET_OS_IPHONE=1 -D__IOS -fms-extensions -fembed-bitcode -w  -arch arm64 -isysroot /Applications/Xcode.app/Contents/Developer/Platforms/iPhoneOS.platform/Developer/SDKs/iPhoneOS10.1.sdk   -o CMakeFiles/cmTC_c36fe.dir/UINT32_T.c.o   -c /Users/eicaptain/Desktop/linphone-iphone/WORK/ios-arm64/Build/srtp/CMakeFiles/CheckTypeSize/UINT32_T.c
Linking C executable cmTC_c36fe
/usr/local/Cellar/cmake/3.4.3/bin/cmake -E cmake_link_script CMakeFiles/cmTC_c36fe.dir/link.txt --verbose=1
/Applications/Xcode.app/Contents/Developer/Toolchains/XcodeDefault.xctoolchain/usr/bin/clang  --target=arm64-apple-darwin  -miphoneos-version-min=8.0 -DTARGET_OS_IPHONE=1 -D__IOS -fms-extensions -fembed-bitcode -w  -arch arm64 -isysroot /Applications/Xcode.app/Contents/Developer/Platforms/iPhoneOS.platform/Developer/SDKs/iPhoneOS10.1.sdk -Wl,-headerpad_max_install_names   CMakeFiles/cmTC_c36fe.dir/UINT32_T.c.o  -o cmTC_c36fe  


Determining size of uint64_t passed with the following output:
Change Dir: /Users/eicaptain/Desktop/linphone-iphone/WORK/ios-arm64/Build/srtp/CMakeFiles/CMakeTmp

Run Build Command:"/usr/bin/make" "cmTC_5d3cb/fast"
/Applications/Xcode.app/Contents/Developer/usr/bin/make -f CMakeFiles/cmTC_5d3cb.dir/build.make CMakeFiles/cmTC_5d3cb.dir/build
Building C object CMakeFiles/cmTC_5d3cb.dir/UINT64_T.c.o
/Applications/Xcode.app/Contents/Developer/Toolchains/XcodeDefault.xctoolchain/usr/bin/clang  --target=arm64-apple-darwin   -miphoneos-version-min=8.0 -DTARGET_OS_IPHONE=1 -D__IOS -fms-extensions -fembed-bitcode -w  -arch arm64 -isysroot /Applications/Xcode.app/Contents/Developer/Platforms/iPhoneOS.platform/Developer/SDKs/iPhoneOS10.1.sdk   -o CMakeFiles/cmTC_5d3cb.dir/UINT64_T.c.o   -c /Users/eicaptain/Desktop/linphone-iphone/WORK/ios-arm64/Build/srtp/CMakeFiles/CheckTypeSize/UINT64_T.c
Linking C executable cmTC_5d3cb
/usr/local/Cellar/cmake/3.4.3/bin/cmake -E cmake_link_script CMakeFiles/cmTC_5d3cb.dir/link.txt --verbose=1
/Applications/Xcode.app/Contents/Developer/Toolchains/XcodeDefault.xctoolchain/usr/bin/clang  --target=arm64-apple-darwin  -miphoneos-version-min=8.0 -DTARGET_OS_IPHONE=1 -D__IOS -fms-extensions -fembed-bitcode -w  -arch arm64 -isysroot /Applications/Xcode.app/Contents/Developer/Platforms/iPhoneOS.platform/Developer/SDKs/iPhoneOS10.1.sdk -Wl,-headerpad_max_install_names   CMakeFiles/cmTC_5d3cb.dir/UINT64_T.c.o  -o cmTC_5d3cb  


Determining size of unsigned long passed with the following output:
Change Dir: /Users/eicaptain/Desktop/linphone-iphone/WORK/ios-arm64/Build/srtp/CMakeFiles/CMakeTmp

Run Build Command:"/usr/bin/make" "cmTC_232b3/fast"
/Applications/Xcode.app/Contents/Developer/usr/bin/make -f CMakeFiles/cmTC_232b3.dir/build.make CMakeFiles/cmTC_232b3.dir/build
Building C object CMakeFiles/cmTC_232b3.dir/UNSIGNED_LONG.c.o
/Applications/Xcode.app/Contents/Developer/Toolchains/XcodeDefault.xctoolchain/usr/bin/clang  --target=arm64-apple-darwin   -miphoneos-version-min=8.0 -DTARGET_OS_IPHONE=1 -D__IOS -fms-extensions -fembed-bitcode -w  -arch arm64 -isysroot /Applications/Xcode.app/Contents/Developer/Platforms/iPhoneOS.platform/Developer/SDKs/iPhoneOS10.1.sdk   -o CMakeFiles/cmTC_232b3.dir/UNSIGNED_LONG.c.o   -c /Users/eicaptain/Desktop/linphone-iphone/WORK/ios-arm64/Build/srtp/CMakeFiles/CheckTypeSize/UNSIGNED_LONG.c
Linking C executable cmTC_232b3
/usr/local/Cellar/cmake/3.4.3/bin/cmake -E cmake_link_script CMakeFiles/cmTC_232b3.dir/link.txt --verbose=1
/Applications/Xcode.app/Contents/Developer/Toolchains/XcodeDefault.xctoolchain/usr/bin/clang  --target=arm64-apple-darwin  -miphoneos-version-min=8.0 -DTARGET_OS_IPHONE=1 -D__IOS -fms-extensions -fembed-bitcode -w  -arch arm64 -isysroot /Applications/Xcode.app/Contents/Developer/Platforms/iPhoneOS.platform/Developer/SDKs/iPhoneOS10.1.sdk -Wl,-headerpad_max_install_names   CMakeFiles/cmTC_232b3.dir/UNSIGNED_LONG.c.o  -o cmTC_232b3  


Determining size of unsigned long long passed with the following output:
Change Dir: /Users/eicaptain/Desktop/linphone-iphone/WORK/ios-arm64/Build/srtp/CMakeFiles/CMakeTmp

Run Build Command:"/usr/bin/make" "cmTC_de401/fast"
/Applications/Xcode.app/Contents/Developer/usr/bin/make -f CMakeFiles/cmTC_de401.dir/build.make CMakeFiles/cmTC_de401.dir/build
Building C object CMakeFiles/cmTC_de401.dir/UNSIGNED_LONG_LONG.c.o
/Applications/Xcode.app/Contents/Developer/Toolchains/XcodeDefault.xctoolchain/usr/bin/clang  --target=arm64-apple-darwin   -miphoneos-version-min=8.0 -DTARGET_OS_IPHONE=1 -D__IOS -fms-extensions -fembed-bitcode -w  -arch arm64 -isysroot /Applications/Xcode.app/Contents/Developer/Platforms/iPhoneOS.platform/Developer/SDKs/iPhoneOS10.1.sdk   -o CMakeFiles/cmTC_de401.dir/UNSIGNED_LONG_LONG.c.o   -c /Users/eicaptain/Desktop/linphone-iphone/WORK/ios-arm64/Build/srtp/CMakeFiles/CheckTypeSize/UNSIGNED_LONG_LONG.c
Linking C executable cmTC_de401
/usr/local/Cellar/cmake/3.4.3/bin/cmake -E cmake_link_script CMakeFiles/cmTC_de401.dir/link.txt --verbose=1
/Applications/Xcode.app/Contents/Developer/Toolchains/XcodeDefault.xctoolchain/usr/bin/clang  --target=arm64-apple-darwin  -miphoneos-version-min=8.0 -DTARGET_OS_IPHONE=1 -D__IOS -fms-extensions -fembed-bitcode -w  -arch arm64 -isysroot /Applications/Xcode.app/Contents/Developer/Platforms/iPhoneOS.platform/Developer/SDKs/iPhoneOS10.1.sdk -Wl,-headerpad_max_install_names   CMakeFiles/cmTC_de401.dir/UNSIGNED_LONG_LONG.c.o  -o cmTC_de401  


