The target system is: Darwin -  - x86_64
The host system is: Darwin - 15.6.0 - x86_64
Compiling the C compiler identification source file "CMakeCCompilerId.c" succeeded.
Compiler: /Applications/Xcode.app/Contents/Developer/Toolchains/XcodeDefault.xctoolchain/usr/bin/clang 
Build flags: ;-miphoneos-version-min=8.0;-DTARGET_OS_IPHONE=1;-D__IOS;-fms-extensions;;-fPIC
Id flags: 

The output was:
0
ld: warning: URGENT: building for iOS simulator, but linking against dylib (/usr/lib/libSystem.dylib) built for OSX. Note: This will be an error in the future.


Compilation of the C compiler identification source "CMakeCCompilerId.c" produced "a.out"

The C compiler identification is AppleClang, found in "/Users/eicaptain/Desktop/linphone-iphone/WORK/ios-x86_64/Build/turbo-jpeg/CMakeFiles/3.4.3/CompilerIdC/a.out"

Determining if the C compiler works passed with the following output:
Change Dir: /Users/eicaptain/Desktop/linphone-iphone/WORK/ios-x86_64/Build/turbo-jpeg/CMakeFiles/CMakeTmp

Run Build Command:"/usr/bin/make" "cmTC_1d5a2/fast"
/Applications/Xcode.app/Contents/Developer/usr/bin/make -f CMakeFiles/cmTC_1d5a2.dir/build.make CMakeFiles/cmTC_1d5a2.dir/build
Building C object CMakeFiles/cmTC_1d5a2.dir/testCCompiler.c.o
/Applications/Xcode.app/Contents/Developer/Toolchains/XcodeDefault.xctoolchain/usr/bin/clang  --target=x86_64-apple-darwin   -miphoneos-version-min=8.0 -DTARGET_OS_IPHONE=1 -D__IOS -fms-extensions  -fPIC  -arch x86_64 -isysroot /Applications/Xcode.app/Contents/Developer/Platforms/iPhoneSimulator.platform/Developer/SDKs/iPhoneSimulator10.1.sdk   -o CMakeFiles/cmTC_1d5a2.dir/testCCompiler.c.o   -c /Users/eicaptain/Desktop/linphone-iphone/WORK/ios-x86_64/Build/turbo-jpeg/CMakeFiles/CMakeTmp/testCCompiler.c
Linking C executable cmTC_1d5a2
/usr/local/Cellar/cmake/3.4.3/bin/cmake -E cmake_link_script CMakeFiles/cmTC_1d5a2.dir/link.txt --verbose=1
/Applications/Xcode.app/Contents/Developer/Toolchains/XcodeDefault.xctoolchain/usr/bin/clang  --target=x86_64-apple-darwin  -miphoneos-version-min=8.0 -DTARGET_OS_IPHONE=1 -D__IOS -fms-extensions  -fPIC  -arch x86_64 -isysroot /Applications/Xcode.app/Contents/Developer/Platforms/iPhoneSimulator.platform/Developer/SDKs/iPhoneSimulator10.1.sdk -Wl,-headerpad_max_install_names   CMakeFiles/cmTC_1d5a2.dir/testCCompiler.c.o  -o cmTC_1d5a2  


Detecting C compiler ABI info compiled with the following output:
Change Dir: /Users/eicaptain/Desktop/linphone-iphone/WORK/ios-x86_64/Build/turbo-jpeg/CMakeFiles/CMakeTmp

Run Build Command:"/usr/bin/make" "cmTC_76b50/fast"
/Applications/Xcode.app/Contents/Developer/usr/bin/make -f CMakeFiles/cmTC_76b50.dir/build.make CMakeFiles/cmTC_76b50.dir/build
Building C object CMakeFiles/cmTC_76b50.dir/CMakeCCompilerABI.c.o
/Applications/Xcode.app/Contents/Developer/Toolchains/XcodeDefault.xctoolchain/usr/bin/clang  --target=x86_64-apple-darwin   -miphoneos-version-min=8.0 -DTARGET_OS_IPHONE=1 -D__IOS -fms-extensions  -fPIC  -arch x86_64 -isysroot /Applications/Xcode.app/Contents/Developer/Platforms/iPhoneSimulator.platform/Developer/SDKs/iPhoneSimulator10.1.sdk   -o CMakeFiles/cmTC_76b50.dir/CMakeCCompilerABI.c.o   -c /usr/local/Cellar/cmake/3.4.3/share/cmake/Modules/CMakeCCompilerABI.c
Linking C executable cmTC_76b50
/usr/local/Cellar/cmake/3.4.3/bin/cmake -E cmake_link_script CMakeFiles/cmTC_76b50.dir/link.txt --verbose=1
/Applications/Xcode.app/Contents/Developer/Toolchains/XcodeDefault.xctoolchain/usr/bin/clang  --target=x86_64-apple-darwin  -miphoneos-version-min=8.0 -DTARGET_OS_IPHONE=1 -D__IOS -fms-extensions  -fPIC  -arch x86_64 -isysroot /Applications/Xcode.app/Contents/Developer/Platforms/iPhoneSimulator.platform/Developer/SDKs/iPhoneSimulator10.1.sdk -Wl,-headerpad_max_install_names  -v -Wl,-v CMakeFiles/cmTC_76b50.dir/CMakeCCompilerABI.c.o  -o cmTC_76b50   
Apple LLVM version 8.0.0 (clang-800.0.42.1)
Target: x86_64-apple-darwin
Thread model: posix
InstalledDir: /Applications/Xcode.app/Contents/Developer/Toolchains/XcodeDefault.xctoolchain/usr/bin
 "/Applications/Xcode.app/Contents/Developer/Toolchains/XcodeDefault.xctoolchain/usr/bin/ld" -demangle -dynamic -arch x86_64 -ios_simulator_version_min 8.0.0 -syslibroot /Applications/Xcode.app/Contents/Developer/Platforms/iPhoneSimulator.platform/Developer/SDKs/iPhoneSimulator10.1.sdk -o cmTC_76b50 -headerpad_max_install_names -v CMakeFiles/cmTC_76b50.dir/CMakeCCompilerABI.c.o -lSystem /Applications/Xcode.app/Contents/Developer/Toolchains/XcodeDefault.xctoolchain/usr/bin/../lib/clang/8.0.0/lib/darwin/libclang_rt.ios.a
@(#)PROGRAM:ld  PROJECT:ld64-274.1
configured to support archs: armv6 armv7 armv7s arm64 i386 x86_64 x86_64h armv6m armv7k armv7m armv7em (tvOS)
Library search paths:
	/Applications/Xcode.app/Contents/Developer/Platforms/iPhoneSimulator.platform/Developer/SDKs/iPhoneSimulator10.1.sdk/usr/lib
Framework search paths:
	/Applications/Xcode.app/Contents/Developer/Platforms/iPhoneSimulator.platform/Developer/SDKs/iPhoneSimulator10.1.sdk/Library/Frameworks/
	/Applications/Xcode.app/Contents/Developer/Platforms/iPhoneSimulator.platform/Developer/SDKs/iPhoneSimulator10.1.sdk/System/Library/Frameworks/


Parsed C implicit link information from above output:
  link line regex: [^( *|.*[/\])(ld|([^/\]+-)?ld|collect2)[^/\]*( |$)]
  ignore line: [Change Dir: /Users/eicaptain/Desktop/linphone-iphone/WORK/ios-x86_64/Build/turbo-jpeg/CMakeFiles/CMakeTmp]
  ignore line: []
  ignore line: [Run Build Command:"/usr/bin/make" "cmTC_76b50/fast"]
  ignore line: [/Applications/Xcode.app/Contents/Developer/usr/bin/make -f CMakeFiles/cmTC_76b50.dir/build.make CMakeFiles/cmTC_76b50.dir/build]
  ignore line: [Building C object CMakeFiles/cmTC_76b50.dir/CMakeCCompilerABI.c.o]
  ignore line: [/Applications/Xcode.app/Contents/Developer/Toolchains/XcodeDefault.xctoolchain/usr/bin/clang  --target=x86_64-apple-darwin   -miphoneos-version-min=8.0 -DTARGET_OS_IPHONE=1 -D__IOS -fms-extensions  -fPIC  -arch x86_64 -isysroot /Applications/Xcode.app/Contents/Developer/Platforms/iPhoneSimulator.platform/Developer/SDKs/iPhoneSimulator10.1.sdk   -o CMakeFiles/cmTC_76b50.dir/CMakeCCompilerABI.c.o   -c /usr/local/Cellar/cmake/3.4.3/share/cmake/Modules/CMakeCCompilerABI.c]
  ignore line: [Linking C executable cmTC_76b50]
  ignore line: [/usr/local/Cellar/cmake/3.4.3/bin/cmake -E cmake_link_script CMakeFiles/cmTC_76b50.dir/link.txt --verbose=1]
  ignore line: [/Applications/Xcode.app/Contents/Developer/Toolchains/XcodeDefault.xctoolchain/usr/bin/clang  --target=x86_64-apple-darwin  -miphoneos-version-min=8.0 -DTARGET_OS_IPHONE=1 -D__IOS -fms-extensions  -fPIC  -arch x86_64 -isysroot /Applications/Xcode.app/Contents/Developer/Platforms/iPhoneSimulator.platform/Developer/SDKs/iPhoneSimulator10.1.sdk -Wl,-headerpad_max_install_names  -v -Wl,-v CMakeFiles/cmTC_76b50.dir/CMakeCCompilerABI.c.o  -o cmTC_76b50   ]
  ignore line: [Apple LLVM version 8.0.0 (clang-800.0.42.1)]
  ignore line: [Target: x86_64-apple-darwin]
  ignore line: [Thread model: posix]
  ignore line: [InstalledDir: /Applications/Xcode.app/Contents/Developer/Toolchains/XcodeDefault.xctoolchain/usr/bin]
  link line: [ "/Applications/Xcode.app/Contents/Developer/Toolchains/XcodeDefault.xctoolchain/usr/bin/ld" -demangle -dynamic -arch x86_64 -ios_simulator_version_min 8.0.0 -syslibroot /Applications/Xcode.app/Contents/Developer/Platforms/iPhoneSimulator.platform/Developer/SDKs/iPhoneSimulator10.1.sdk -o cmTC_76b50 -headerpad_max_install_names -v CMakeFiles/cmTC_76b50.dir/CMakeCCompilerABI.c.o -lSystem /Applications/Xcode.app/Contents/Developer/Toolchains/XcodeDefault.xctoolchain/usr/bin/../lib/clang/8.0.0/lib/darwin/libclang_rt.ios.a]
    arg [/Applications/Xcode.app/Contents/Developer/Toolchains/XcodeDefault.xctoolchain/usr/bin/ld] ==> ignore
    arg [-demangle] ==> ignore
    arg [-dynamic] ==> ignore
    arg [-arch] ==> ignore
    arg [x86_64] ==> ignore
    arg [-ios_simulator_version_min] ==> ignore
    arg [8.0.0] ==> ignore
    arg [-syslibroot] ==> ignore
    arg [/Applications/Xcode.app/Contents/Developer/Platforms/iPhoneSimulator.platform/Developer/SDKs/iPhoneSimulator10.1.sdk] ==> ignore
    arg [-o] ==> ignore
    arg [cmTC_76b50] ==> ignore
    arg [-headerpad_max_install_names] ==> ignore
    arg [-v] ==> ignore
    arg [CMakeFiles/cmTC_76b50.dir/CMakeCCompilerABI.c.o] ==> ignore
    arg [-lSystem] ==> lib [System]
    arg [/Applications/Xcode.app/Contents/Developer/Toolchains/XcodeDefault.xctoolchain/usr/bin/../lib/clang/8.0.0/lib/darwin/libclang_rt.ios.a] ==> lib [/Applications/Xcode.app/Contents/Developer/Toolchains/XcodeDefault.xctoolchain/usr/bin/../lib/clang/8.0.0/lib/darwin/libclang_rt.ios.a]
  Library search paths: [;/Applications/Xcode.app/Contents/Developer/Platforms/iPhoneSimulator.platform/Developer/SDKs/iPhoneSimulator10.1.sdk/usr/lib]
  Framework search paths: [;/Applications/Xcode.app/Contents/Developer/Platforms/iPhoneSimulator.platform/Developer/SDKs/iPhoneSimulator10.1.sdk/Library/Frameworks/;/Applications/Xcode.app/Contents/Developer/Platforms/iPhoneSimulator.platform/Developer/SDKs/iPhoneSimulator10.1.sdk/System/Library/Frameworks/]
  remove lib [System]
  collapse lib [/Applications/Xcode.app/Contents/Developer/Toolchains/XcodeDefault.xctoolchain/usr/bin/../lib/clang/8.0.0/lib/darwin/libclang_rt.ios.a] ==> [/Applications/Xcode.app/Contents/Developer/Toolchains/XcodeDefault.xctoolchain/usr/lib/clang/8.0.0/lib/darwin/libclang_rt.ios.a]
  collapse library dir [/Applications/Xcode.app/Contents/Developer/Platforms/iPhoneSimulator.platform/Developer/SDKs/iPhoneSimulator10.1.sdk/usr/lib] ==> [/Applications/Xcode.app/Contents/Developer/Platforms/iPhoneSimulator.platform/Developer/SDKs/iPhoneSimulator10.1.sdk/usr/lib]
  collapse framework dir [/Applications/Xcode.app/Contents/Developer/Platforms/iPhoneSimulator.platform/Developer/SDKs/iPhoneSimulator10.1.sdk/Library/Frameworks/] ==> [/Applications/Xcode.app/Contents/Developer/Platforms/iPhoneSimulator.platform/Developer/SDKs/iPhoneSimulator10.1.sdk/Library/Frameworks]
  collapse framework dir [/Applications/Xcode.app/Contents/Developer/Platforms/iPhoneSimulator.platform/Developer/SDKs/iPhoneSimulator10.1.sdk/System/Library/Frameworks/] ==> [/Applications/Xcode.app/Contents/Developer/Platforms/iPhoneSimulator.platform/Developer/SDKs/iPhoneSimulator10.1.sdk/System/Library/Frameworks]
  implicit libs: [/Applications/Xcode.app/Contents/Developer/Toolchains/XcodeDefault.xctoolchain/usr/lib/clang/8.0.0/lib/darwin/libclang_rt.ios.a]
  implicit dirs: [/Applications/Xcode.app/Contents/Developer/Platforms/iPhoneSimulator.platform/Developer/SDKs/iPhoneSimulator10.1.sdk/usr/lib]
  implicit fwks: [/Applications/Xcode.app/Contents/Developer/Platforms/iPhoneSimulator.platform/Developer/SDKs/iPhoneSimulator10.1.sdk/Library/Frameworks;/Applications/Xcode.app/Contents/Developer/Platforms/iPhoneSimulator.platform/Developer/SDKs/iPhoneSimulator10.1.sdk/System/Library/Frameworks]




Detecting C [-std=c11] compiler features compiled with the following output:
Change Dir: /Users/eicaptain/Desktop/linphone-iphone/WORK/ios-x86_64/Build/turbo-jpeg/CMakeFiles/CMakeTmp

Run Build Command:"/usr/bin/make" "cmTC_3b537/fast"
/Applications/Xcode.app/Contents/Developer/usr/bin/make -f CMakeFiles/cmTC_3b537.dir/build.make CMakeFiles/cmTC_3b537.dir/build
Building C object CMakeFiles/cmTC_3b537.dir/feature_tests.c.o
/Applications/Xcode.app/Contents/Developer/Toolchains/XcodeDefault.xctoolchain/usr/bin/clang  --target=x86_64-apple-darwin   -miphoneos-version-min=8.0 -DTARGET_OS_IPHONE=1 -D__IOS -fms-extensions  -fPIC  -arch x86_64 -isysroot /Applications/Xcode.app/Contents/Developer/Platforms/iPhoneSimulator.platform/Developer/SDKs/iPhoneSimulator10.1.sdk   -std=c11 -o CMakeFiles/cmTC_3b537.dir/feature_tests.c.o   -c /Users/eicaptain/Desktop/linphone-iphone/WORK/ios-x86_64/Build/turbo-jpeg/CMakeFiles/feature_tests.c
Linking C executable cmTC_3b537
/usr/local/Cellar/cmake/3.4.3/bin/cmake -E cmake_link_script CMakeFiles/cmTC_3b537.dir/link.txt --verbose=1
/Applications/Xcode.app/Contents/Developer/Toolchains/XcodeDefault.xctoolchain/usr/bin/clang  --target=x86_64-apple-darwin  -miphoneos-version-min=8.0 -DTARGET_OS_IPHONE=1 -D__IOS -fms-extensions  -fPIC  -arch x86_64 -isysroot /Applications/Xcode.app/Contents/Developer/Platforms/iPhoneSimulator.platform/Developer/SDKs/iPhoneSimulator10.1.sdk -Wl,-headerpad_max_install_names   CMakeFiles/cmTC_3b537.dir/feature_tests.c.o  -o cmTC_3b537  


    Feature record: C_FEATURE:1c_function_prototypes
    Feature record: C_FEATURE:1c_restrict
    Feature record: C_FEATURE:1c_static_assert
    Feature record: C_FEATURE:1c_variadic_macros


Detecting C [-std=c99] compiler features compiled with the following output:
Change Dir: /Users/eicaptain/Desktop/linphone-iphone/WORK/ios-x86_64/Build/turbo-jpeg/CMakeFiles/CMakeTmp

Run Build Command:"/usr/bin/make" "cmTC_0243e/fast"
/Applications/Xcode.app/Contents/Developer/usr/bin/make -f CMakeFiles/cmTC_0243e.dir/build.make CMakeFiles/cmTC_0243e.dir/build
Building C object CMakeFiles/cmTC_0243e.dir/feature_tests.c.o
/Applications/Xcode.app/Contents/Developer/Toolchains/XcodeDefault.xctoolchain/usr/bin/clang  --target=x86_64-apple-darwin   -miphoneos-version-min=8.0 -DTARGET_OS_IPHONE=1 -D__IOS -fms-extensions  -fPIC  -arch x86_64 -isysroot /Applications/Xcode.app/Contents/Developer/Platforms/iPhoneSimulator.platform/Developer/SDKs/iPhoneSimulator10.1.sdk   -std=c99 -o CMakeFiles/cmTC_0243e.dir/feature_tests.c.o   -c /Users/eicaptain/Desktop/linphone-iphone/WORK/ios-x86_64/Build/turbo-jpeg/CMakeFiles/feature_tests.c
Linking C executable cmTC_0243e
/usr/local/Cellar/cmake/3.4.3/bin/cmake -E cmake_link_script CMakeFiles/cmTC_0243e.dir/link.txt --verbose=1
/Applications/Xcode.app/Contents/Developer/Toolchains/XcodeDefault.xctoolchain/usr/bin/clang  --target=x86_64-apple-darwin  -miphoneos-version-min=8.0 -DTARGET_OS_IPHONE=1 -D__IOS -fms-extensions  -fPIC  -arch x86_64 -isysroot /Applications/Xcode.app/Contents/Developer/Platforms/iPhoneSimulator.platform/Developer/SDKs/iPhoneSimulator10.1.sdk -Wl,-headerpad_max_install_names   CMakeFiles/cmTC_0243e.dir/feature_tests.c.o  -o cmTC_0243e  


    Feature record: C_FEATURE:1c_function_prototypes
    Feature record: C_FEATURE:1c_restrict
    Feature record: C_FEATURE:0c_static_assert
    Feature record: C_FEATURE:1c_variadic_macros


Detecting C [-std=c90] compiler features compiled with the following output:
Change Dir: /Users/eicaptain/Desktop/linphone-iphone/WORK/ios-x86_64/Build/turbo-jpeg/CMakeFiles/CMakeTmp

Run Build Command:"/usr/bin/make" "cmTC_bd863/fast"
/Applications/Xcode.app/Contents/Developer/usr/bin/make -f CMakeFiles/cmTC_bd863.dir/build.make CMakeFiles/cmTC_bd863.dir/build
Building C object CMakeFiles/cmTC_bd863.dir/feature_tests.c.o
/Applications/Xcode.app/Contents/Developer/Toolchains/XcodeDefault.xctoolchain/usr/bin/clang  --target=x86_64-apple-darwin   -miphoneos-version-min=8.0 -DTARGET_OS_IPHONE=1 -D__IOS -fms-extensions  -fPIC  -arch x86_64 -isysroot /Applications/Xcode.app/Contents/Developer/Platforms/iPhoneSimulator.platform/Developer/SDKs/iPhoneSimulator10.1.sdk   -std=c90 -o CMakeFiles/cmTC_bd863.dir/feature_tests.c.o   -c /Users/eicaptain/Desktop/linphone-iphone/WORK/ios-x86_64/Build/turbo-jpeg/CMakeFiles/feature_tests.c
Linking C executable cmTC_bd863
/usr/local/Cellar/cmake/3.4.3/bin/cmake -E cmake_link_script CMakeFiles/cmTC_bd863.dir/link.txt --verbose=1
/Applications/Xcode.app/Contents/Developer/Toolchains/XcodeDefault.xctoolchain/usr/bin/clang  --target=x86_64-apple-darwin  -miphoneos-version-min=8.0 -DTARGET_OS_IPHONE=1 -D__IOS -fms-extensions  -fPIC  -arch x86_64 -isysroot /Applications/Xcode.app/Contents/Developer/Platforms/iPhoneSimulator.platform/Developer/SDKs/iPhoneSimulator10.1.sdk -Wl,-headerpad_max_install_names   CMakeFiles/cmTC_bd863.dir/feature_tests.c.o  -o cmTC_bd863  


    Feature record: C_FEATURE:1c_function_prototypes
    Feature record: C_FEATURE:0c_restrict
    Feature record: C_FEATURE:0c_static_assert
    Feature record: C_FEATURE:0c_variadic_macros
Determining if the include file sys/types.h exists passed with the following output:
Change Dir: /Users/eicaptain/Desktop/linphone-iphone/WORK/ios-x86_64/Build/turbo-jpeg/CMakeFiles/CMakeTmp

Run Build Command:"/usr/bin/make" "cmTC_830bd/fast"
/Applications/Xcode.app/Contents/Developer/usr/bin/make -f CMakeFiles/cmTC_830bd.dir/build.make CMakeFiles/cmTC_830bd.dir/build
Building C object CMakeFiles/cmTC_830bd.dir/CheckIncludeFile.c.o
/Applications/Xcode.app/Contents/Developer/Toolchains/XcodeDefault.xctoolchain/usr/bin/clang  --target=x86_64-apple-darwin   -miphoneos-version-min=8.0 -DTARGET_OS_IPHONE=1 -D__IOS -fms-extensions  -fPIC  -arch x86_64 -isysroot /Applications/Xcode.app/Contents/Developer/Platforms/iPhoneSimulator.platform/Developer/SDKs/iPhoneSimulator10.1.sdk   -o CMakeFiles/cmTC_830bd.dir/CheckIncludeFile.c.o   -c /Users/eicaptain/Desktop/linphone-iphone/WORK/ios-x86_64/Build/turbo-jpeg/CMakeFiles/CMakeTmp/CheckIncludeFile.c
Linking C executable cmTC_830bd
/usr/local/Cellar/cmake/3.4.3/bin/cmake -E cmake_link_script CMakeFiles/cmTC_830bd.dir/link.txt --verbose=1
/Applications/Xcode.app/Contents/Developer/Toolchains/XcodeDefault.xctoolchain/usr/bin/clang  --target=x86_64-apple-darwin  -miphoneos-version-min=8.0 -DTARGET_OS_IPHONE=1 -D__IOS -fms-extensions  -fPIC  -arch x86_64 -isysroot /Applications/Xcode.app/Contents/Developer/Platforms/iPhoneSimulator.platform/Developer/SDKs/iPhoneSimulator10.1.sdk -Wl,-headerpad_max_install_names   CMakeFiles/cmTC_830bd.dir/CheckIncludeFile.c.o  -o cmTC_830bd  


Determining if the include file stdint.h exists passed with the following output:
Change Dir: /Users/eicaptain/Desktop/linphone-iphone/WORK/ios-x86_64/Build/turbo-jpeg/CMakeFiles/CMakeTmp

Run Build Command:"/usr/bin/make" "cmTC_6baa9/fast"
/Applications/Xcode.app/Contents/Developer/usr/bin/make -f CMakeFiles/cmTC_6baa9.dir/build.make CMakeFiles/cmTC_6baa9.dir/build
Building C object CMakeFiles/cmTC_6baa9.dir/CheckIncludeFile.c.o
/Applications/Xcode.app/Contents/Developer/Toolchains/XcodeDefault.xctoolchain/usr/bin/clang  --target=x86_64-apple-darwin   -miphoneos-version-min=8.0 -DTARGET_OS_IPHONE=1 -D__IOS -fms-extensions  -fPIC  -arch x86_64 -isysroot /Applications/Xcode.app/Contents/Developer/Platforms/iPhoneSimulator.platform/Developer/SDKs/iPhoneSimulator10.1.sdk   -o CMakeFiles/cmTC_6baa9.dir/CheckIncludeFile.c.o   -c /Users/eicaptain/Desktop/linphone-iphone/WORK/ios-x86_64/Build/turbo-jpeg/CMakeFiles/CMakeTmp/CheckIncludeFile.c
Linking C executable cmTC_6baa9
/usr/local/Cellar/cmake/3.4.3/bin/cmake -E cmake_link_script CMakeFiles/cmTC_6baa9.dir/link.txt --verbose=1
/Applications/Xcode.app/Contents/Developer/Toolchains/XcodeDefault.xctoolchain/usr/bin/clang  --target=x86_64-apple-darwin  -miphoneos-version-min=8.0 -DTARGET_OS_IPHONE=1 -D__IOS -fms-extensions  -fPIC  -arch x86_64 -isysroot /Applications/Xcode.app/Contents/Developer/Platforms/iPhoneSimulator.platform/Developer/SDKs/iPhoneSimulator10.1.sdk -Wl,-headerpad_max_install_names   CMakeFiles/cmTC_6baa9.dir/CheckIncludeFile.c.o  -o cmTC_6baa9  


Determining if the include file stddef.h exists passed with the following output:
Change Dir: /Users/eicaptain/Desktop/linphone-iphone/WORK/ios-x86_64/Build/turbo-jpeg/CMakeFiles/CMakeTmp

Run Build Command:"/usr/bin/make" "cmTC_51723/fast"
/Applications/Xcode.app/Contents/Developer/usr/bin/make -f CMakeFiles/cmTC_51723.dir/build.make CMakeFiles/cmTC_51723.dir/build
Building C object CMakeFiles/cmTC_51723.dir/CheckIncludeFile.c.o
/Applications/Xcode.app/Contents/Developer/Toolchains/XcodeDefault.xctoolchain/usr/bin/clang  --target=x86_64-apple-darwin   -miphoneos-version-min=8.0 -DTARGET_OS_IPHONE=1 -D__IOS -fms-extensions  -fPIC  -arch x86_64 -isysroot /Applications/Xcode.app/Contents/Developer/Platforms/iPhoneSimulator.platform/Developer/SDKs/iPhoneSimulator10.1.sdk   -o CMakeFiles/cmTC_51723.dir/CheckIncludeFile.c.o   -c /Users/eicaptain/Desktop/linphone-iphone/WORK/ios-x86_64/Build/turbo-jpeg/CMakeFiles/CMakeTmp/CheckIncludeFile.c
Linking C executable cmTC_51723
/usr/local/Cellar/cmake/3.4.3/bin/cmake -E cmake_link_script CMakeFiles/cmTC_51723.dir/link.txt --verbose=1
/Applications/Xcode.app/Contents/Developer/Toolchains/XcodeDefault.xctoolchain/usr/bin/clang  --target=x86_64-apple-darwin  -miphoneos-version-min=8.0 -DTARGET_OS_IPHONE=1 -D__IOS -fms-extensions  -fPIC  -arch x86_64 -isysroot /Applications/Xcode.app/Contents/Developer/Platforms/iPhoneSimulator.platform/Developer/SDKs/iPhoneSimulator10.1.sdk -Wl,-headerpad_max_install_names   CMakeFiles/cmTC_51723.dir/CheckIncludeFile.c.o  -o cmTC_51723  


Determining size of size_t passed with the following output:
Change Dir: /Users/eicaptain/Desktop/linphone-iphone/WORK/ios-x86_64/Build/turbo-jpeg/CMakeFiles/CMakeTmp

Run Build Command:"/usr/bin/make" "cmTC_f4642/fast"
/Applications/Xcode.app/Contents/Developer/usr/bin/make -f CMakeFiles/cmTC_f4642.dir/build.make CMakeFiles/cmTC_f4642.dir/build
Building C object CMakeFiles/cmTC_f4642.dir/SIZEOF_SIZE_T.c.o
/Applications/Xcode.app/Contents/Developer/Toolchains/XcodeDefault.xctoolchain/usr/bin/clang  --target=x86_64-apple-darwin   -miphoneos-version-min=8.0 -DTARGET_OS_IPHONE=1 -D__IOS -fms-extensions  -fPIC  -arch x86_64 -isysroot /Applications/Xcode.app/Contents/Developer/Platforms/iPhoneSimulator.platform/Developer/SDKs/iPhoneSimulator10.1.sdk   -o CMakeFiles/cmTC_f4642.dir/SIZEOF_SIZE_T.c.o   -c /Users/eicaptain/Desktop/linphone-iphone/WORK/ios-x86_64/Build/turbo-jpeg/CMakeFiles/CheckTypeSize/SIZEOF_SIZE_T.c
Linking C executable cmTC_f4642
/usr/local/Cellar/cmake/3.4.3/bin/cmake -E cmake_link_script CMakeFiles/cmTC_f4642.dir/link.txt --verbose=1
/Applications/Xcode.app/Contents/Developer/Toolchains/XcodeDefault.xctoolchain/usr/bin/clang  --target=x86_64-apple-darwin  -miphoneos-version-min=8.0 -DTARGET_OS_IPHONE=1 -D__IOS -fms-extensions  -fPIC  -arch x86_64 -isysroot /Applications/Xcode.app/Contents/Developer/Platforms/iPhoneSimulator.platform/Developer/SDKs/iPhoneSimulator10.1.sdk -Wl,-headerpad_max_install_names   CMakeFiles/cmTC_f4642.dir/SIZEOF_SIZE_T.c.o  -o cmTC_f4642  


Determining if the include file stdlib.h exists passed with the following output:
Change Dir: /Users/eicaptain/Desktop/linphone-iphone/WORK/ios-x86_64/Build/turbo-jpeg/CMakeFiles/CMakeTmp

Run Build Command:"/usr/bin/make" "cmTC_34ebb/fast"
/Applications/Xcode.app/Contents/Developer/usr/bin/make -f CMakeFiles/cmTC_34ebb.dir/build.make CMakeFiles/cmTC_34ebb.dir/build
Building C object CMakeFiles/cmTC_34ebb.dir/CheckIncludeFile.c.o
/Applications/Xcode.app/Contents/Developer/Toolchains/XcodeDefault.xctoolchain/usr/bin/clang  --target=x86_64-apple-darwin   -miphoneos-version-min=8.0 -DTARGET_OS_IPHONE=1 -D__IOS -fms-extensions  -fPIC  -arch x86_64 -isysroot /Applications/Xcode.app/Contents/Developer/Platforms/iPhoneSimulator.platform/Developer/SDKs/iPhoneSimulator10.1.sdk   -o CMakeFiles/cmTC_34ebb.dir/CheckIncludeFile.c.o   -c /Users/eicaptain/Desktop/linphone-iphone/WORK/ios-x86_64/Build/turbo-jpeg/CMakeFiles/CMakeTmp/CheckIncludeFile.c
Linking C executable cmTC_34ebb
/usr/local/Cellar/cmake/3.4.3/bin/cmake -E cmake_link_script CMakeFiles/cmTC_34ebb.dir/link.txt --verbose=1
/Applications/Xcode.app/Contents/Developer/Toolchains/XcodeDefault.xctoolchain/usr/bin/clang  --target=x86_64-apple-darwin  -miphoneos-version-min=8.0 -DTARGET_OS_IPHONE=1 -D__IOS -fms-extensions  -fPIC  -arch x86_64 -isysroot /Applications/Xcode.app/Contents/Developer/Platforms/iPhoneSimulator.platform/Developer/SDKs/iPhoneSimulator10.1.sdk -Wl,-headerpad_max_install_names   CMakeFiles/cmTC_34ebb.dir/CheckIncludeFile.c.o  -o cmTC_34ebb  


Determining if the include file locale.h exists passed with the following output:
Change Dir: /Users/eicaptain/Desktop/linphone-iphone/WORK/ios-x86_64/Build/turbo-jpeg/CMakeFiles/CMakeTmp

Run Build Command:"/usr/bin/make" "cmTC_ee7b4/fast"
/Applications/Xcode.app/Contents/Developer/usr/bin/make -f CMakeFiles/cmTC_ee7b4.dir/build.make CMakeFiles/cmTC_ee7b4.dir/build
Building C object CMakeFiles/cmTC_ee7b4.dir/CheckIncludeFile.c.o
/Applications/Xcode.app/Contents/Developer/Toolchains/XcodeDefault.xctoolchain/usr/bin/clang  --target=x86_64-apple-darwin   -miphoneos-version-min=8.0 -DTARGET_OS_IPHONE=1 -D__IOS -fms-extensions  -fPIC  -arch x86_64 -isysroot /Applications/Xcode.app/Contents/Developer/Platforms/iPhoneSimulator.platform/Developer/SDKs/iPhoneSimulator10.1.sdk   -o CMakeFiles/cmTC_ee7b4.dir/CheckIncludeFile.c.o   -c /Users/eicaptain/Desktop/linphone-iphone/WORK/ios-x86_64/Build/turbo-jpeg/CMakeFiles/CMakeTmp/CheckIncludeFile.c
Linking C executable cmTC_ee7b4
/usr/local/Cellar/cmake/3.4.3/bin/cmake -E cmake_link_script CMakeFiles/cmTC_ee7b4.dir/link.txt --verbose=1
/Applications/Xcode.app/Contents/Developer/Toolchains/XcodeDefault.xctoolchain/usr/bin/clang  --target=x86_64-apple-darwin  -miphoneos-version-min=8.0 -DTARGET_OS_IPHONE=1 -D__IOS -fms-extensions  -fPIC  -arch x86_64 -isysroot /Applications/Xcode.app/Contents/Developer/Platforms/iPhoneSimulator.platform/Developer/SDKs/iPhoneSimulator10.1.sdk -Wl,-headerpad_max_install_names   CMakeFiles/cmTC_ee7b4.dir/CheckIncludeFile.c.o  -o cmTC_ee7b4  


