Determining if the include file byteswap.h exists failed with the following output:
Change Dir: /Users/eicaptain/Desktop/linphone-iphone/WORK/ios-x86_64/Build/srtp/CMakeFiles/CMakeTmp

Run Build Command:"/usr/bin/make" "cmTC_b8148/fast"
/Applications/Xcode.app/Contents/Developer/usr/bin/make -f CMakeFiles/cmTC_b8148.dir/build.make CMakeFiles/cmTC_b8148.dir/build
Building C object CMakeFiles/cmTC_b8148.dir/CheckIncludeFile.c.o
/Applications/Xcode.app/Contents/Developer/Toolchains/XcodeDefault.xctoolchain/usr/bin/clang  --target=x86_64-apple-darwin   -miphoneos-version-min=8.0 -DTARGET_OS_IPHONE=1 -D__IOS -fms-extensions -w  -arch x86_64 -isysroot /Applications/Xcode.app/Contents/Developer/Platforms/iPhoneSimulator.platform/Developer/SDKs/iPhoneSimulator10.1.sdk   -o CMakeFiles/cmTC_b8148.dir/CheckIncludeFile.c.o   -c /Users/eicaptain/Desktop/linphone-iphone/WORK/ios-x86_64/Build/srtp/CMakeFiles/CMakeTmp/CheckIncludeFile.c
/Users/eicaptain/Desktop/linphone-iphone/WORK/ios-x86_64/Build/srtp/CMakeFiles/CMakeTmp/CheckIncludeFile.c:1:10: fatal error: 'byteswap.h' file not found
#include <byteswap.h>
         ^
1 error generated.
make[5]: *** [CMakeFiles/cmTC_b8148.dir/CheckIncludeFile.c.o] Error 1
make[4]: *** [cmTC_b8148/fast] Error 2


Determining if the include file sys/int_types.h exists failed with the following output:
Change Dir: /Users/eicaptain/Desktop/linphone-iphone/WORK/ios-x86_64/Build/srtp/CMakeFiles/CMakeTmp

Run Build Command:"/usr/bin/make" "cmTC_de2ae/fast"
/Applications/Xcode.app/Contents/Developer/usr/bin/make -f CMakeFiles/cmTC_de2ae.dir/build.make CMakeFiles/cmTC_de2ae.dir/build
Building C object CMakeFiles/cmTC_de2ae.dir/CheckIncludeFile.c.o
/Applications/Xcode.app/Contents/Developer/Toolchains/XcodeDefault.xctoolchain/usr/bin/clang  --target=x86_64-apple-darwin   -miphoneos-version-min=8.0 -DTARGET_OS_IPHONE=1 -D__IOS -fms-extensions -w  -arch x86_64 -isysroot /Applications/Xcode.app/Contents/Developer/Platforms/iPhoneSimulator.platform/Developer/SDKs/iPhoneSimulator10.1.sdk   -o CMakeFiles/cmTC_de2ae.dir/CheckIncludeFile.c.o   -c /Users/eicaptain/Desktop/linphone-iphone/WORK/ios-x86_64/Build/srtp/CMakeFiles/CMakeTmp/CheckIncludeFile.c
/Users/eicaptain/Desktop/linphone-iphone/WORK/ios-x86_64/Build/srtp/CMakeFiles/CMakeTmp/CheckIncludeFile.c:1:10: fatal error: 'sys/int_types.h' file not found
#include <sys/int_types.h>
         ^
1 error generated.
make[5]: *** [CMakeFiles/cmTC_de2ae.dir/CheckIncludeFile.c.o] Error 1
make[4]: *** [cmTC_de2ae/fast] Error 2


Determining if the include file windows.h exists failed with the following output:
Change Dir: /Users/eicaptain/Desktop/linphone-iphone/WORK/ios-x86_64/Build/srtp/CMakeFiles/CMakeTmp

Run Build Command:"/usr/bin/make" "cmTC_a1bc0/fast"
/Applications/Xcode.app/Contents/Developer/usr/bin/make -f CMakeFiles/cmTC_a1bc0.dir/build.make CMakeFiles/cmTC_a1bc0.dir/build
Building C object CMakeFiles/cmTC_a1bc0.dir/CheckIncludeFile.c.o
/Applications/Xcode.app/Contents/Developer/Toolchains/XcodeDefault.xctoolchain/usr/bin/clang  --target=x86_64-apple-darwin   -miphoneos-version-min=8.0 -DTARGET_OS_IPHONE=1 -D__IOS -fms-extensions -w  -arch x86_64 -isysroot /Applications/Xcode.app/Contents/Developer/Platforms/iPhoneSimulator.platform/Developer/SDKs/iPhoneSimulator10.1.sdk   -o CMakeFiles/cmTC_a1bc0.dir/CheckIncludeFile.c.o   -c /Users/eicaptain/Desktop/linphone-iphone/WORK/ios-x86_64/Build/srtp/CMakeFiles/CMakeTmp/CheckIncludeFile.c
/Users/eicaptain/Desktop/linphone-iphone/WORK/ios-x86_64/Build/srtp/CMakeFiles/CMakeTmp/CheckIncludeFile.c:1:10: fatal error: 'windows.h' file not found
#include <windows.h>
         ^
1 error generated.
make[5]: *** [CMakeFiles/cmTC_a1bc0.dir/CheckIncludeFile.c.o] Error 1
make[4]: *** [cmTC_a1bc0/fast] Error 2


