Determining if the include file sys/audioio.h exists failed with the following output:
Change Dir: /Users/eicaptain/Desktop/linphone-iphone/WORK/ios-x86_64/Build/speex/CMakeFiles/CMakeTmp

Run Build Command:"/usr/bin/make" "cmTC_f1538/fast"
/Applications/Xcode.app/Contents/Developer/usr/bin/make -f CMakeFiles/cmTC_f1538.dir/build.make CMakeFiles/cmTC_f1538.dir/build
Building C object CMakeFiles/cmTC_f1538.dir/CheckIncludeFile.c.o
/Applications/Xcode.app/Contents/Developer/Toolchains/XcodeDefault.xctoolchain/usr/bin/clang  --target=x86_64-apple-darwin   -miphoneos-version-min=8.0 -DTARGET_OS_IPHONE=1 -D__IOS -fms-extensions -w  -arch x86_64 -isysroot /Applications/Xcode.app/Contents/Developer/Platforms/iPhoneSimulator.platform/Developer/SDKs/iPhoneSimulator10.1.sdk   -o CMakeFiles/cmTC_f1538.dir/CheckIncludeFile.c.o   -c /Users/eicaptain/Desktop/linphone-iphone/WORK/ios-x86_64/Build/speex/CMakeFiles/CMakeTmp/CheckIncludeFile.c
/Users/eicaptain/Desktop/linphone-iphone/WORK/ios-x86_64/Build/speex/CMakeFiles/CMakeTmp/CheckIncludeFile.c:1:10: fatal error: 'sys/audioio.h' file not found
#include <sys/audioio.h>
         ^
1 error generated.
make[5]: *** [CMakeFiles/cmTC_f1538.dir/CheckIncludeFile.c.o] Error 1
make[4]: *** [cmTC_f1538/fast] Error 2


Determining if the include file sys/soundcard.h exists failed with the following output:
Change Dir: /Users/eicaptain/Desktop/linphone-iphone/WORK/ios-x86_64/Build/speex/CMakeFiles/CMakeTmp

Run Build Command:"/usr/bin/make" "cmTC_2f935/fast"
/Applications/Xcode.app/Contents/Developer/usr/bin/make -f CMakeFiles/cmTC_2f935.dir/build.make CMakeFiles/cmTC_2f935.dir/build
Building C object CMakeFiles/cmTC_2f935.dir/CheckIncludeFile.c.o
/Applications/Xcode.app/Contents/Developer/Toolchains/XcodeDefault.xctoolchain/usr/bin/clang  --target=x86_64-apple-darwin   -miphoneos-version-min=8.0 -DTARGET_OS_IPHONE=1 -D__IOS -fms-extensions -w  -arch x86_64 -isysroot /Applications/Xcode.app/Contents/Developer/Platforms/iPhoneSimulator.platform/Developer/SDKs/iPhoneSimulator10.1.sdk   -o CMakeFiles/cmTC_2f935.dir/CheckIncludeFile.c.o   -c /Users/eicaptain/Desktop/linphone-iphone/WORK/ios-x86_64/Build/speex/CMakeFiles/CMakeTmp/CheckIncludeFile.c
/Users/eicaptain/Desktop/linphone-iphone/WORK/ios-x86_64/Build/speex/CMakeFiles/CMakeTmp/CheckIncludeFile.c:1:10: fatal error: 'sys/soundcard.h' file not found
#include <sys/soundcard.h>
         ^
1 error generated.
make[5]: *** [CMakeFiles/cmTC_2f935.dir/CheckIncludeFile.c.o] Error 1
make[4]: *** [cmTC_2f935/fast] Error 2


